INFO - 2023-09-29 02:05:59 --> Session: Class initialized using 'CodeIgniter\Session\Handlers\FileHandler' driver.
INFO - 2023-09-29 02:05:59 --> Session: Class initialized using 'CodeIgniter\Session\Handlers\FileHandler' driver.
INFO - 2023-09-29 02:07:06 --> Session: Class initialized using 'CodeIgniter\Session\Handlers\FileHandler' driver.
INFO - 2023-09-29 02:07:19 --> Session: Class initialized using 'CodeIgniter\Session\Handlers\FileHandler' driver.
INFO - 2023-09-29 02:07:20 --> Session: Class initialized using 'CodeIgniter\Session\Handlers\FileHandler' driver.
INFO - 2023-09-29 02:07:44 --> Session: Class initialized using 'CodeIgniter\Session\Handlers\FileHandler' driver.
INFO - 2023-09-29 02:07:56 --> Session: Class initialized using 'CodeIgniter\Session\Handlers\FileHandler' driver.
CRITICAL - 2023-09-29 02:08:08 --> "AuthAdmin" filter must have a matching alias defined.
in SYSTEMPATH\Filters\Filters.php on line 350.
 1 SYSTEMPATH\Filters\Filters.php(350): CodeIgniter\Filters\Exceptions\FilterException::forNoAlias('AuthAdmin')
 2 SYSTEMPATH\CodeIgniter.php(459): CodeIgniter\Filters\Filters->enableFilter('AuthAdmin', 'before')
 3 SYSTEMPATH\CodeIgniter.php(353): CodeIgniter\CodeIgniter->handleRequest(null, Object(Config\Cache), false)
 4 FCPATH\index.php(79): CodeIgniter\CodeIgniter->run()
CRITICAL - 2023-09-29 02:08:12 --> "AuthAdmin" filter must have a matching alias defined.
in SYSTEMPATH\Filters\Filters.php on line 350.
 1 SYSTEMPATH\Filters\Filters.php(350): CodeIgniter\Filters\Exceptions\FilterException::forNoAlias('AuthAdmin')
 2 SYSTEMPATH\CodeIgniter.php(459): CodeIgniter\Filters\Filters->enableFilter('AuthAdmin', 'before')
 3 SYSTEMPATH\CodeIgniter.php(353): CodeIgniter\CodeIgniter->handleRequest(null, Object(Config\Cache), false)
 4 FCPATH\index.php(79): CodeIgniter\CodeIgniter->run()
INFO - 2023-09-29 02:08:17 --> Session: Class initialized using 'CodeIgniter\Session\Handlers\FileHandler' driver.
CRITICAL - 2023-09-29 02:08:20 --> "AuthAdmin" filter must have a matching alias defined.
in SYSTEMPATH\Filters\Filters.php on line 350.
 1 SYSTEMPATH\Filters\Filters.php(350): CodeIgniter\Filters\Exceptions\FilterException::forNoAlias('AuthAdmin')
 2 SYSTEMPATH\CodeIgniter.php(459): CodeIgniter\Filters\Filters->enableFilter('AuthAdmin', 'before')
 3 SYSTEMPATH\CodeIgniter.php(353): CodeIgniter\CodeIgniter->handleRequest(null, Object(Config\Cache), false)
 4 FCPATH\index.php(79): CodeIgniter\CodeIgniter->run()
CRITICAL - 2023-09-29 02:11:42 --> "AuthAdmin" filter must have a matching alias defined.
in SYSTEMPATH\Filters\Filters.php on line 350.
 1 SYSTEMPATH\Filters\Filters.php(350): CodeIgniter\Filters\Exceptions\FilterException::forNoAlias('AuthAdmin')
 2 SYSTEMPATH\CodeIgniter.php(459): CodeIgniter\Filters\Filters->enableFilter('AuthAdmin', 'before')
 3 SYSTEMPATH\CodeIgniter.php(353): CodeIgniter\CodeIgniter->handleRequest(null, Object(Config\Cache), false)
 4 FCPATH\index.php(79): CodeIgniter\CodeIgniter->run()
CRITICAL - 2023-09-29 02:11:47 --> "AuthAdmin" filter must have a matching alias defined.
in SYSTEMPATH\Filters\Filters.php on line 350.
 1 SYSTEMPATH\Filters\Filters.php(350): CodeIgniter\Filters\Exceptions\FilterException::forNoAlias('AuthAdmin')
 2 SYSTEMPATH\CodeIgniter.php(459): CodeIgniter\Filters\Filters->enableFilter('AuthAdmin', 'before')
 3 SYSTEMPATH\CodeIgniter.php(353): CodeIgniter\CodeIgniter->handleRequest(null, Object(Config\Cache), false)
 4 FCPATH\index.php(79): CodeIgniter\CodeIgniter->run()
ERROR - 2023-09-29 02:17:20 --> mysqli_sql_exception: Table 'dborder.tbltool' doesn't exist in C:\xampp\htdocs\ci4\system\Database\MySQLi\Connection.php:306
Stack trace:
#0 C:\xampp\htdocs\ci4\system\Database\MySQLi\Connection.php(306): mysqli->query('SELECT *\nFROM `...', 0)
#1 C:\xampp\htdocs\ci4\system\Database\BaseConnection.php(692): CodeIgniter\Database\MySQLi\Connection->execute('SELECT *\nFROM `...')
#2 C:\xampp\htdocs\ci4\system\Database\BaseConnection.php(606): CodeIgniter\Database\BaseConnection->simpleQuery('SELECT *\nFROM `...')
#3 C:\xampp\htdocs\ci4\system\Database\BaseBuilder.php(1615): CodeIgniter\Database\BaseConnection->query('SELECT *\nFROM `...', Array, false)
#4 C:\xampp\htdocs\ci4\system\Model.php(237): CodeIgniter\Database\BaseBuilder->get()
#5 C:\xampp\htdocs\ci4\system\BaseModel.php(624): CodeIgniter\Model->doFindAll(0, 0)
#6 C:\xampp\htdocs\ci4\app\Controllers\Tool.php(16): CodeIgniter\BaseModel->findAll()
#7 C:\xampp\htdocs\ci4\system\CodeIgniter.php(919): App\Controllers\Tool->index()
#8 C:\xampp\htdocs\ci4\system\CodeIgniter.php(494): CodeIgniter\CodeIgniter->runController(Object(App\Controllers\Tool))
#9 C:\xampp\htdocs\ci4\system\CodeIgniter.php(353): CodeIgniter\CodeIgniter->handleRequest(NULL, Object(Config\Cache), false)
#10 C:\xampp\htdocs\ci4\index.php(79): CodeIgniter\CodeIgniter->run()
#11 {main}
CRITICAL - 2023-09-29 02:17:20 --> Table 'dborder.tbltool' doesn't exist
in SYSTEMPATH\Database\BaseConnection.php on line 646.
 1 SYSTEMPATH\Database\BaseBuilder.php(1615): CodeIgniter\Database\BaseConnection->query('SELECT *
FROM `tbltool`', [], false)
 2 SYSTEMPATH\Model.php(237): CodeIgniter\Database\BaseBuilder->get()
 3 SYSTEMPATH\BaseModel.php(624): CodeIgniter\Model->doFindAll(0, 0)
 4 APPPATH\Controllers\Tool.php(16): CodeIgniter\BaseModel->findAll()
 5 SYSTEMPATH\CodeIgniter.php(919): App\Controllers\Tool->index()
 6 SYSTEMPATH\CodeIgniter.php(494): CodeIgniter\CodeIgniter->runController(Object(App\Controllers\Tool))
 7 SYSTEMPATH\CodeIgniter.php(353): CodeIgniter\CodeIgniter->handleRequest(null, Object(Config\Cache), false)
 8 FCPATH\index.php(79): CodeIgniter\CodeIgniter->run()
ERROR - 2023-09-29 02:17:22 --> mysqli_sql_exception: Table 'dborder.tbltool' doesn't exist in C:\xampp\htdocs\ci4\system\Database\MySQLi\Connection.php:306
Stack trace:
#0 C:\xampp\htdocs\ci4\system\Database\MySQLi\Connection.php(306): mysqli->query('SELECT *\nFROM `...', 0)
#1 C:\xampp\htdocs\ci4\system\Database\BaseConnection.php(692): CodeIgniter\Database\MySQLi\Connection->execute('SELECT *\nFROM `...')
#2 C:\xampp\htdocs\ci4\system\Database\BaseConnection.php(606): CodeIgniter\Database\BaseConnection->simpleQuery('SELECT *\nFROM `...')
#3 C:\xampp\htdocs\ci4\system\Database\BaseBuilder.php(1615): CodeIgniter\Database\BaseConnection->query('SELECT *\nFROM `...', Array, false)
#4 C:\xampp\htdocs\ci4\system\Model.php(237): CodeIgniter\Database\BaseBuilder->get()
#5 C:\xampp\htdocs\ci4\system\BaseModel.php(624): CodeIgniter\Model->doFindAll(0, 0)
#6 C:\xampp\htdocs\ci4\app\Controllers\Tool.php(16): CodeIgniter\BaseModel->findAll()
#7 C:\xampp\htdocs\ci4\system\CodeIgniter.php(919): App\Controllers\Tool->index()
#8 C:\xampp\htdocs\ci4\system\CodeIgniter.php(494): CodeIgniter\CodeIgniter->runController(Object(App\Controllers\Tool))
#9 C:\xampp\htdocs\ci4\system\CodeIgniter.php(353): CodeIgniter\CodeIgniter->handleRequest(NULL, Object(Config\Cache), false)
#10 C:\xampp\htdocs\ci4\index.php(79): CodeIgniter\CodeIgniter->run()
#11 {main}
CRITICAL - 2023-09-29 02:17:22 --> Table 'dborder.tbltool' doesn't exist
in SYSTEMPATH\Database\BaseConnection.php on line 646.
 1 SYSTEMPATH\Database\BaseBuilder.php(1615): CodeIgniter\Database\BaseConnection->query('SELECT *
FROM `tbltool`', [], false)
 2 SYSTEMPATH\Model.php(237): CodeIgniter\Database\BaseBuilder->get()
 3 SYSTEMPATH\BaseModel.php(624): CodeIgniter\Model->doFindAll(0, 0)
 4 APPPATH\Controllers\Tool.php(16): CodeIgniter\BaseModel->findAll()
 5 SYSTEMPATH\CodeIgniter.php(919): App\Controllers\Tool->index()
 6 SYSTEMPATH\CodeIgniter.php(494): CodeIgniter\CodeIgniter->runController(Object(App\Controllers\Tool))
 7 SYSTEMPATH\CodeIgniter.php(353): CodeIgniter\CodeIgniter->handleRequest(null, Object(Config\Cache), false)
 8 FCPATH\index.php(79): CodeIgniter\CodeIgniter->run()
CRITICAL - 2023-09-29 02:17:27 --> "AuthAdmin" filter must have a matching alias defined.
in SYSTEMPATH\Filters\Filters.php on line 350.
 1 SYSTEMPATH\Filters\Filters.php(350): CodeIgniter\Filters\Exceptions\FilterException::forNoAlias('AuthAdmin')
 2 SYSTEMPATH\CodeIgniter.php(459): CodeIgniter\Filters\Filters->enableFilter('AuthAdmin', 'before')
 3 SYSTEMPATH\CodeIgniter.php(353): CodeIgniter\CodeIgniter->handleRequest(null, Object(Config\Cache), false)
 4 FCPATH\index.php(79): CodeIgniter\CodeIgniter->run()
CRITICAL - 2023-09-29 02:18:56 --> "AuthAdmin" filter must have a matching alias defined.
in SYSTEMPATH\Filters\Filters.php on line 350.
 1 SYSTEMPATH\Filters\Filters.php(350): CodeIgniter\Filters\Exceptions\FilterException::forNoAlias('AuthAdmin')
 2 SYSTEMPATH\CodeIgniter.php(459): CodeIgniter\Filters\Filters->enableFilter('AuthAdmin', 'before')
 3 SYSTEMPATH\CodeIgniter.php(353): CodeIgniter\CodeIgniter->handleRequest(null, Object(Config\Cache), false)
 4 FCPATH\index.php(79): CodeIgniter\CodeIgniter->run()
CRITICAL - 2023-09-29 02:18:56 --> "AuthAdmin" filter must have a matching alias defined.
in SYSTEMPATH\Filters\Filters.php on line 350.
 1 SYSTEMPATH\Filters\Filters.php(350): CodeIgniter\Filters\Exceptions\FilterException::forNoAlias('AuthAdmin')
 2 SYSTEMPATH\CodeIgniter.php(459): CodeIgniter\Filters\Filters->enableFilter('AuthAdmin', 'before')
 3 SYSTEMPATH\CodeIgniter.php(353): CodeIgniter\CodeIgniter->handleRequest(null, Object(Config\Cache), false)
 4 FCPATH\index.php(79): CodeIgniter\CodeIgniter->run()
CRITICAL - 2023-09-29 02:18:58 --> "AuthAdmin" filter must have a matching alias defined.
in SYSTEMPATH\Filters\Filters.php on line 350.
 1 SYSTEMPATH\Filters\Filters.php(350): CodeIgniter\Filters\Exceptions\FilterException::forNoAlias('AuthAdmin')
 2 SYSTEMPATH\CodeIgniter.php(459): CodeIgniter\Filters\Filters->enableFilter('AuthAdmin', 'before')
 3 SYSTEMPATH\CodeIgniter.php(353): CodeIgniter\CodeIgniter->handleRequest(null, Object(Config\Cache), false)
 4 FCPATH\index.php(79): CodeIgniter\CodeIgniter->run()
CRITICAL - 2023-09-29 02:18:58 --> "AuthAdmin" filter must have a matching alias defined.
in SYSTEMPATH\Filters\Filters.php on line 350.
 1 SYSTEMPATH\Filters\Filters.php(350): CodeIgniter\Filters\Exceptions\FilterException::forNoAlias('AuthAdmin')
 2 SYSTEMPATH\CodeIgniter.php(459): CodeIgniter\Filters\Filters->enableFilter('AuthAdmin', 'before')
 3 SYSTEMPATH\CodeIgniter.php(353): CodeIgniter\CodeIgniter->handleRequest(null, Object(Config\Cache), false)
 4 FCPATH\index.php(79): CodeIgniter\CodeIgniter->run()
CRITICAL - 2023-09-29 02:18:58 --> "AuthAdmin" filter must have a matching alias defined.
in SYSTEMPATH\Filters\Filters.php on line 350.
 1 SYSTEMPATH\Filters\Filters.php(350): CodeIgniter\Filters\Exceptions\FilterException::forNoAlias('AuthAdmin')
 2 SYSTEMPATH\CodeIgniter.php(459): CodeIgniter\Filters\Filters->enableFilter('AuthAdmin', 'before')
 3 SYSTEMPATH\CodeIgniter.php(353): CodeIgniter\CodeIgniter->handleRequest(null, Object(Config\Cache), false)
 4 FCPATH\index.php(79): CodeIgniter\CodeIgniter->run()
CRITICAL - 2023-09-29 02:20:26 --> "AuthAdmin" filter must have a matching alias defined.
in SYSTEMPATH\Filters\Filters.php on line 350.
 1 SYSTEMPATH\Filters\Filters.php(350): CodeIgniter\Filters\Exceptions\FilterException::forNoAlias('AuthAdmin')
 2 SYSTEMPATH\CodeIgniter.php(459): CodeIgniter\Filters\Filters->enableFilter('AuthAdmin', 'before')
 3 SYSTEMPATH\CodeIgniter.php(353): CodeIgniter\CodeIgniter->handleRequest(null, Object(Config\Cache), false)
 4 FCPATH\index.php(79): CodeIgniter\CodeIgniter->run()
CRITICAL - 2023-09-29 02:20:29 --> "AuthAdmin" filter must have a matching alias defined.
in SYSTEMPATH\Filters\Filters.php on line 350.
 1 SYSTEMPATH\Filters\Filters.php(350): CodeIgniter\Filters\Exceptions\FilterException::forNoAlias('AuthAdmin')
 2 SYSTEMPATH\CodeIgniter.php(459): CodeIgniter\Filters\Filters->enableFilter('AuthAdmin', 'before')
 3 SYSTEMPATH\CodeIgniter.php(353): CodeIgniter\CodeIgniter->handleRequest(null, Object(Config\Cache), false)
 4 FCPATH\index.php(79): CodeIgniter\CodeIgniter->run()
CRITICAL - 2023-09-29 02:20:29 --> "AuthAdmin" filter must have a matching alias defined.
in SYSTEMPATH\Filters\Filters.php on line 350.
 1 SYSTEMPATH\Filters\Filters.php(350): CodeIgniter\Filters\Exceptions\FilterException::forNoAlias('AuthAdmin')
 2 SYSTEMPATH\CodeIgniter.php(459): CodeIgniter\Filters\Filters->enableFilter('AuthAdmin', 'before')
 3 SYSTEMPATH\CodeIgniter.php(353): CodeIgniter\CodeIgniter->handleRequest(null, Object(Config\Cache), false)
 4 FCPATH\index.php(79): CodeIgniter\CodeIgniter->run()
CRITICAL - 2023-09-29 02:20:30 --> "AuthAdmin" filter must have a matching alias defined.
in SYSTEMPATH\Filters\Filters.php on line 350.
 1 SYSTEMPATH\Filters\Filters.php(350): CodeIgniter\Filters\Exceptions\FilterException::forNoAlias('AuthAdmin')
 2 SYSTEMPATH\CodeIgniter.php(459): CodeIgniter\Filters\Filters->enableFilter('AuthAdmin', 'before')
 3 SYSTEMPATH\CodeIgniter.php(353): CodeIgniter\CodeIgniter->handleRequest(null, Object(Config\Cache), false)
 4 FCPATH\index.php(79): CodeIgniter\CodeIgniter->run()
CRITICAL - 2023-09-29 02:20:30 --> "AuthAdmin" filter must have a matching alias defined.
in SYSTEMPATH\Filters\Filters.php on line 350.
 1 SYSTEMPATH\Filters\Filters.php(350): CodeIgniter\Filters\Exceptions\FilterException::forNoAlias('AuthAdmin')
 2 SYSTEMPATH\CodeIgniter.php(459): CodeIgniter\Filters\Filters->enableFilter('AuthAdmin', 'before')
 3 SYSTEMPATH\CodeIgniter.php(353): CodeIgniter\CodeIgniter->handleRequest(null, Object(Config\Cache), false)
 4 FCPATH\index.php(79): CodeIgniter\CodeIgniter->run()
CRITICAL - 2023-09-29 02:20:30 --> "AuthAdmin" filter must have a matching alias defined.
in SYSTEMPATH\Filters\Filters.php on line 350.
 1 SYSTEMPATH\Filters\Filters.php(350): CodeIgniter\Filters\Exceptions\FilterException::forNoAlias('AuthAdmin')
 2 SYSTEMPATH\CodeIgniter.php(459): CodeIgniter\Filters\Filters->enableFilter('AuthAdmin', 'before')
 3 SYSTEMPATH\CodeIgniter.php(353): CodeIgniter\CodeIgniter->handleRequest(null, Object(Config\Cache), false)
 4 FCPATH\index.php(79): CodeIgniter\CodeIgniter->run()
CRITICAL - 2023-09-29 02:27:02 --> "AuthAdmin" filter must have a matching alias defined.
in SYSTEMPATH\Filters\Filters.php on line 350.
 1 SYSTEMPATH\Filters\Filters.php(350): CodeIgniter\Filters\Exceptions\FilterException::forNoAlias('AuthAdmin')
 2 SYSTEMPATH\CodeIgniter.php(459): CodeIgniter\Filters\Filters->enableFilter('AuthAdmin', 'before')
 3 SYSTEMPATH\CodeIgniter.php(353): CodeIgniter\CodeIgniter->handleRequest(null, Object(Config\Cache), false)
 4 FCPATH\index.php(79): CodeIgniter\CodeIgniter->run()
CRITICAL - 2023-09-29 02:27:06 --> "AuthAdmin" filter must have a matching alias defined.
in SYSTEMPATH\Filters\Filters.php on line 350.
 1 SYSTEMPATH\Filters\Filters.php(350): CodeIgniter\Filters\Exceptions\FilterException::forNoAlias('AuthAdmin')
 2 SYSTEMPATH\CodeIgniter.php(459): CodeIgniter\Filters\Filters->enableFilter('AuthAdmin', 'before')
 3 SYSTEMPATH\CodeIgniter.php(353): CodeIgniter\CodeIgniter->handleRequest(null, Object(Config\Cache), false)
 4 FCPATH\index.php(79): CodeIgniter\CodeIgniter->run()
CRITICAL - 2023-09-29 02:27:06 --> "AuthAdmin" filter must have a matching alias defined.
in SYSTEMPATH\Filters\Filters.php on line 350.
 1 SYSTEMPATH\Filters\Filters.php(350): CodeIgniter\Filters\Exceptions\FilterException::forNoAlias('AuthAdmin')
 2 SYSTEMPATH\CodeIgniter.php(459): CodeIgniter\Filters\Filters->enableFilter('AuthAdmin', 'before')
 3 SYSTEMPATH\CodeIgniter.php(353): CodeIgniter\CodeIgniter->handleRequest(null, Object(Config\Cache), false)
 4 FCPATH\index.php(79): CodeIgniter\CodeIgniter->run()
CRITICAL - 2023-09-29 02:27:10 --> syntax error, unexpected ')', expecting end of file
in APPPATH\Config\Routes.php on line 25.
 1 SYSTEMPATH\CodeIgniter.php(787): CodeIgniter\Router\RouteCollection->loadRoutes()
 2 SYSTEMPATH\CodeIgniter.php(442): CodeIgniter\CodeIgniter->tryToRouteIt(null)
 3 SYSTEMPATH\CodeIgniter.php(353): CodeIgniter\CodeIgniter->handleRequest(null, Object(Config\Cache), false)
 4 FCPATH\index.php(79): CodeIgniter\CodeIgniter->run()
CRITICAL - 2023-09-29 02:27:11 --> syntax error, unexpected ')', expecting end of file
in APPPATH\Config\Routes.php on line 25.
 1 SYSTEMPATH\CodeIgniter.php(787): CodeIgniter\Router\RouteCollection->loadRoutes()
 2 SYSTEMPATH\CodeIgniter.php(442): CodeIgniter\CodeIgniter->tryToRouteIt(null)
 3 SYSTEMPATH\CodeIgniter.php(353): CodeIgniter\CodeIgniter->handleRequest(null, Object(Config\Cache), false)
 4 FCPATH\index.php(79): CodeIgniter\CodeIgniter->run()
CRITICAL - 2023-09-29 02:27:12 --> syntax error, unexpected ')', expecting end of file
in APPPATH\Config\Routes.php on line 25.
 1 SYSTEMPATH\CodeIgniter.php(787): CodeIgniter\Router\RouteCollection->loadRoutes()
 2 SYSTEMPATH\CodeIgniter.php(442): CodeIgniter\CodeIgniter->tryToRouteIt(null)
 3 SYSTEMPATH\CodeIgniter.php(353): CodeIgniter\CodeIgniter->handleRequest(null, Object(Config\Cache), false)
 4 FCPATH\index.php(79): CodeIgniter\CodeIgniter->run()
CRITICAL - 2023-09-29 02:27:12 --> syntax error, unexpected ')', expecting end of file
in APPPATH\Config\Routes.php on line 25.
 1 SYSTEMPATH\CodeIgniter.php(787): CodeIgniter\Router\RouteCollection->loadRoutes()
 2 SYSTEMPATH\CodeIgniter.php(442): CodeIgniter\CodeIgniter->tryToRouteIt(null)
 3 SYSTEMPATH\CodeIgniter.php(353): CodeIgniter\CodeIgniter->handleRequest(null, Object(Config\Cache), false)
 4 FCPATH\index.php(79): CodeIgniter\CodeIgniter->run()
CRITICAL - 2023-09-29 02:27:14 --> syntax error, unexpected ')', expecting end of file
in APPPATH\Config\Routes.php on line 25.
 1 SYSTEMPATH\CodeIgniter.php(787): CodeIgniter\Router\RouteCollection->loadRoutes()
 2 SYSTEMPATH\CodeIgniter.php(442): CodeIgniter\CodeIgniter->tryToRouteIt(null)
 3 SYSTEMPATH\CodeIgniter.php(353): CodeIgniter\CodeIgniter->handleRequest(null, Object(Config\Cache), false)
 4 FCPATH\index.php(79): CodeIgniter\CodeIgniter->run()
ERROR - 2023-09-29 02:29:00 --> mysqli_sql_exception: Table 'dborder.tbltool' doesn't exist in C:\xampp\htdocs\ci4\system\Database\MySQLi\Connection.php:306
Stack trace:
#0 C:\xampp\htdocs\ci4\system\Database\MySQLi\Connection.php(306): mysqli->query('SELECT *\nFROM `...', 0)
#1 C:\xampp\htdocs\ci4\system\Database\BaseConnection.php(692): CodeIgniter\Database\MySQLi\Connection->execute('SELECT *\nFROM `...')
#2 C:\xampp\htdocs\ci4\system\Database\BaseConnection.php(606): CodeIgniter\Database\BaseConnection->simpleQuery('SELECT *\nFROM `...')
#3 C:\xampp\htdocs\ci4\system\Database\BaseBuilder.php(1615): CodeIgniter\Database\BaseConnection->query('SELECT *\nFROM `...', Array, false)
#4 C:\xampp\htdocs\ci4\system\Model.php(237): CodeIgniter\Database\BaseBuilder->get()
#5 C:\xampp\htdocs\ci4\system\BaseModel.php(624): CodeIgniter\Model->doFindAll(0, 0)
#6 C:\xampp\htdocs\ci4\app\Controllers\Tool.php(16): CodeIgniter\BaseModel->findAll()
#7 C:\xampp\htdocs\ci4\system\CodeIgniter.php(919): App\Controllers\Tool->index()
#8 C:\xampp\htdocs\ci4\system\CodeIgniter.php(494): CodeIgniter\CodeIgniter->runController(Object(App\Controllers\Tool))
#9 C:\xampp\htdocs\ci4\system\CodeIgniter.php(353): CodeIgniter\CodeIgniter->handleRequest(NULL, Object(Config\Cache), false)
#10 C:\xampp\htdocs\ci4\index.php(79): CodeIgniter\CodeIgniter->run()
#11 {main}
CRITICAL - 2023-09-29 02:29:00 --> Table 'dborder.tbltool' doesn't exist
in SYSTEMPATH\Database\BaseConnection.php on line 646.
 1 SYSTEMPATH\Database\BaseBuilder.php(1615): CodeIgniter\Database\BaseConnection->query('SELECT *
FROM `tbltool`', [], false)
 2 SYSTEMPATH\Model.php(237): CodeIgniter\Database\BaseBuilder->get()
 3 SYSTEMPATH\BaseModel.php(624): CodeIgniter\Model->doFindAll(0, 0)
 4 APPPATH\Controllers\Tool.php(16): CodeIgniter\BaseModel->findAll()
 5 SYSTEMPATH\CodeIgniter.php(919): App\Controllers\Tool->index()
 6 SYSTEMPATH\CodeIgniter.php(494): CodeIgniter\CodeIgniter->runController(Object(App\Controllers\Tool))
 7 SYSTEMPATH\CodeIgniter.php(353): CodeIgniter\CodeIgniter->handleRequest(null, Object(Config\Cache), false)
 8 FCPATH\index.php(79): CodeIgniter\CodeIgniter->run()
CRITICAL - 2023-09-29 02:31:51 --> Invalid file: "item/include/navbar.php"
in SYSTEMPATH\Exceptions\FrameworkException.php on line 39.
 1 SYSTEMPATH\View\View.php(214): CodeIgniter\Exceptions\FrameworkException::forInvalidFile('item/include/navbar.php')
 2 SYSTEMPATH\View\View.php(467): CodeIgniter\View\View->render('item/include/navbar', null, true)
 3 APPPATH\Views\tool\index.php(20): CodeIgniter\View\View->include('item/include/navbar')
 4 SYSTEMPATH\View\View.php(226): include('C:\\xampp\\htdocs\\ci4\\app\\Views\\tool\\index.php')
 5 SYSTEMPATH\View\View.php(229): CodeIgniter\View\View->CodeIgniter\View\{closure}()
 6 SYSTEMPATH\Common.php(1188): CodeIgniter\View\View->render('tool/index', [], true)
 7 APPPATH\Controllers\Tool.php(17): view('tool/index', [...])
 8 SYSTEMPATH\CodeIgniter.php(919): App\Controllers\Tool->index()
 9 SYSTEMPATH\CodeIgniter.php(494): CodeIgniter\CodeIgniter->runController(Object(App\Controllers\Tool))
10 SYSTEMPATH\CodeIgniter.php(353): CodeIgniter\CodeIgniter->handleRequest(null, Object(Config\Cache), false)
11 FCPATH\index.php(79): CodeIgniter\CodeIgniter->run()
CRITICAL - 2023-09-29 02:31:52 --> Invalid file: "item/include/navbar.php"
in SYSTEMPATH\Exceptions\FrameworkException.php on line 39.
 1 SYSTEMPATH\View\View.php(214): CodeIgniter\Exceptions\FrameworkException::forInvalidFile('item/include/navbar.php')
 2 SYSTEMPATH\View\View.php(467): CodeIgniter\View\View->render('item/include/navbar', null, true)
 3 APPPATH\Views\tool\index.php(20): CodeIgniter\View\View->include('item/include/navbar')
 4 SYSTEMPATH\View\View.php(226): include('C:\\xampp\\htdocs\\ci4\\app\\Views\\tool\\index.php')
 5 SYSTEMPATH\View\View.php(229): CodeIgniter\View\View->CodeIgniter\View\{closure}()
 6 SYSTEMPATH\Common.php(1188): CodeIgniter\View\View->render('tool/index', [], true)
 7 APPPATH\Controllers\Tool.php(17): view('tool/index', [...])
 8 SYSTEMPATH\CodeIgniter.php(919): App\Controllers\Tool->index()
 9 SYSTEMPATH\CodeIgniter.php(494): CodeIgniter\CodeIgniter->runController(Object(App\Controllers\Tool))
10 SYSTEMPATH\CodeIgniter.php(353): CodeIgniter\CodeIgniter->handleRequest(null, Object(Config\Cache), false)
11 FCPATH\index.php(79): CodeIgniter\CodeIgniter->run()
CRITICAL - 2023-09-29 02:35:22 --> Invalid file: "item/include/navbar.php"
in SYSTEMPATH\Exceptions\FrameworkException.php on line 39.
 1 SYSTEMPATH\View\View.php(214): CodeIgniter\Exceptions\FrameworkException::forInvalidFile('item/include/navbar.php')
 2 SYSTEMPATH\View\View.php(467): CodeIgniter\View\View->render('item/include/navbar', null, true)
 3 APPPATH\Views\tool\index.php(20): CodeIgniter\View\View->include('item/include/navbar')
 4 SYSTEMPATH\View\View.php(226): include('C:\\xampp\\htdocs\\ci4\\app\\Views\\tool\\index.php')
 5 SYSTEMPATH\View\View.php(229): CodeIgniter\View\View->CodeIgniter\View\{closure}()
 6 SYSTEMPATH\Common.php(1188): CodeIgniter\View\View->render('tool/index', [], true)
 7 APPPATH\Controllers\Tool.php(17): view('tool/index', [...])
 8 SYSTEMPATH\CodeIgniter.php(919): App\Controllers\Tool->index()
 9 SYSTEMPATH\CodeIgniter.php(494): CodeIgniter\CodeIgniter->runController(Object(App\Controllers\Tool))
10 SYSTEMPATH\CodeIgniter.php(353): CodeIgniter\CodeIgniter->handleRequest(null, Object(Config\Cache), false)
11 FCPATH\index.php(79): CodeIgniter\CodeIgniter->run()
CRITICAL - 2023-09-29 02:35:24 --> Invalid file: "item/include/navbar.php"
in SYSTEMPATH\Exceptions\FrameworkException.php on line 39.
 1 SYSTEMPATH\View\View.php(214): CodeIgniter\Exceptions\FrameworkException::forInvalidFile('item/include/navbar.php')
 2 SYSTEMPATH\View\View.php(467): CodeIgniter\View\View->render('item/include/navbar', null, true)
 3 APPPATH\Views\tool\index.php(20): CodeIgniter\View\View->include('item/include/navbar')
 4 SYSTEMPATH\View\View.php(226): include('C:\\xampp\\htdocs\\ci4\\app\\Views\\tool\\index.php')
 5 SYSTEMPATH\View\View.php(229): CodeIgniter\View\View->CodeIgniter\View\{closure}()
 6 SYSTEMPATH\Common.php(1188): CodeIgniter\View\View->render('tool/index', [], true)
 7 APPPATH\Controllers\Tool.php(17): view('tool/index', [...])
 8 SYSTEMPATH\CodeIgniter.php(919): App\Controllers\Tool->index()
 9 SYSTEMPATH\CodeIgniter.php(494): CodeIgniter\CodeIgniter->runController(Object(App\Controllers\Tool))
10 SYSTEMPATH\CodeIgniter.php(353): CodeIgniter\CodeIgniter->handleRequest(null, Object(Config\Cache), false)
11 FCPATH\index.php(79): CodeIgniter\CodeIgniter->run()
CRITICAL - 2023-09-29 02:35:24 --> Invalid file: "item/include/navbar.php"
in SYSTEMPATH\Exceptions\FrameworkException.php on line 39.
 1 SYSTEMPATH\View\View.php(214): CodeIgniter\Exceptions\FrameworkException::forInvalidFile('item/include/navbar.php')
 2 SYSTEMPATH\View\View.php(467): CodeIgniter\View\View->render('item/include/navbar', null, true)
 3 APPPATH\Views\tool\index.php(20): CodeIgniter\View\View->include('item/include/navbar')
 4 SYSTEMPATH\View\View.php(226): include('C:\\xampp\\htdocs\\ci4\\app\\Views\\tool\\index.php')
 5 SYSTEMPATH\View\View.php(229): CodeIgniter\View\View->CodeIgniter\View\{closure}()
 6 SYSTEMPATH\Common.php(1188): CodeIgniter\View\View->render('tool/index', [], true)
 7 APPPATH\Controllers\Tool.php(17): view('tool/index', [...])
 8 SYSTEMPATH\CodeIgniter.php(919): App\Controllers\Tool->index()
 9 SYSTEMPATH\CodeIgniter.php(494): CodeIgniter\CodeIgniter->runController(Object(App\Controllers\Tool))
10 SYSTEMPATH\CodeIgniter.php(353): CodeIgniter\CodeIgniter->handleRequest(null, Object(Config\Cache), false)
11 FCPATH\index.php(79): CodeIgniter\CodeIgniter->run()
CRITICAL - 2023-09-29 02:37:18 --> Undefined variable: tool
in APPPATH\Views\tool\index.php on line 51.
 1 APPPATH\Views\tool\index.php(51): CodeIgniter\Debug\Exceptions->errorHandler(8, 'Undefined variable: tool', 'C:\\xampp\\htdocs\\ci4\\app\\Views\\tool\\index.php', 51, [...])
 2 SYSTEMPATH\View\View.php(226): include('C:\\xampp\\htdocs\\ci4\\app\\Views\\tool\\index.php')
 3 SYSTEMPATH\View\View.php(229): CodeIgniter\View\View->CodeIgniter\View\{closure}()
 4 SYSTEMPATH\Common.php(1188): CodeIgniter\View\View->render('tool/index', [], true)
 5 APPPATH\Controllers\Tool.php(17): view('tool/index', [...])
 6 SYSTEMPATH\CodeIgniter.php(919): App\Controllers\Tool->index()
 7 SYSTEMPATH\CodeIgniter.php(494): CodeIgniter\CodeIgniter->runController(Object(App\Controllers\Tool))
 8 SYSTEMPATH\CodeIgniter.php(353): CodeIgniter\CodeIgniter->handleRequest(null, Object(Config\Cache), false)
 9 FCPATH\index.php(79): CodeIgniter\CodeIgniter->run()
CRITICAL - 2023-09-29 02:37:20 --> Undefined variable: tool
in APPPATH\Views\tool\index.php on line 51.
 1 APPPATH\Views\tool\index.php(51): CodeIgniter\Debug\Exceptions->errorHandler(8, 'Undefined variable: tool', 'C:\\xampp\\htdocs\\ci4\\app\\Views\\tool\\index.php', 51, [...])
 2 SYSTEMPATH\View\View.php(226): include('C:\\xampp\\htdocs\\ci4\\app\\Views\\tool\\index.php')
 3 SYSTEMPATH\View\View.php(229): CodeIgniter\View\View->CodeIgniter\View\{closure}()
 4 SYSTEMPATH\Common.php(1188): CodeIgniter\View\View->render('tool/index', [], true)
 5 APPPATH\Controllers\Tool.php(17): view('tool/index', [...])
 6 SYSTEMPATH\CodeIgniter.php(919): App\Controllers\Tool->index()
 7 SYSTEMPATH\CodeIgniter.php(494): CodeIgniter\CodeIgniter->runController(Object(App\Controllers\Tool))
 8 SYSTEMPATH\CodeIgniter.php(353): CodeIgniter\CodeIgniter->handleRequest(null, Object(Config\Cache), false)
 9 FCPATH\index.php(79): CodeIgniter\CodeIgniter->run()
CRITICAL - 2023-09-29 02:37:20 --> Undefined variable: tool
in APPPATH\Views\tool\index.php on line 51.
 1 APPPATH\Views\tool\index.php(51): CodeIgniter\Debug\Exceptions->errorHandler(8, 'Undefined variable: tool', 'C:\\xampp\\htdocs\\ci4\\app\\Views\\tool\\index.php', 51, [...])
 2 SYSTEMPATH\View\View.php(226): include('C:\\xampp\\htdocs\\ci4\\app\\Views\\tool\\index.php')
 3 SYSTEMPATH\View\View.php(229): CodeIgniter\View\View->CodeIgniter\View\{closure}()
 4 SYSTEMPATH\Common.php(1188): CodeIgniter\View\View->render('tool/index', [], true)
 5 APPPATH\Controllers\Tool.php(17): view('tool/index', [...])
 6 SYSTEMPATH\CodeIgniter.php(919): App\Controllers\Tool->index()
 7 SYSTEMPATH\CodeIgniter.php(494): CodeIgniter\CodeIgniter->runController(Object(App\Controllers\Tool))
 8 SYSTEMPATH\CodeIgniter.php(353): CodeIgniter\CodeIgniter->handleRequest(null, Object(Config\Cache), false)
 9 FCPATH\index.php(79): CodeIgniter\CodeIgniter->run()
CRITICAL - 2023-09-29 02:37:45 --> Undefined property: stdClass::$price
in APPPATH\Views\tool\index.php on line 53.
 1 APPPATH\Views\tool\index.php(53): CodeIgniter\Debug\Exceptions->errorHandler(8, 'Undefined property: stdClass::$price', 'C:\\xampp\\htdocs\\ci4\\app\\Views\\tool\\index.php', 53, [...])
 2 SYSTEMPATH\View\View.php(226): include('C:\\xampp\\htdocs\\ci4\\app\\Views\\tool\\index.php')
 3 SYSTEMPATH\View\View.php(229): CodeIgniter\View\View->CodeIgniter\View\{closure}()
 4 SYSTEMPATH\Common.php(1188): CodeIgniter\View\View->render('tool/index', [], true)
 5 APPPATH\Controllers\Tool.php(17): view('tool/index', [...])
 6 SYSTEMPATH\CodeIgniter.php(919): App\Controllers\Tool->index()
 7 SYSTEMPATH\CodeIgniter.php(494): CodeIgniter\CodeIgniter->runController(Object(App\Controllers\Tool))
 8 SYSTEMPATH\CodeIgniter.php(353): CodeIgniter\CodeIgniter->handleRequest(null, Object(Config\Cache), false)
 9 FCPATH\index.php(79): CodeIgniter\CodeIgniter->run()
CRITICAL - 2023-09-29 02:39:53 --> Undefined property: stdClass::$price
in APPPATH\Views\tool\index.php on line 53.
 1 APPPATH\Views\tool\index.php(53): CodeIgniter\Debug\Exceptions->errorHandler(8, 'Undefined property: stdClass::$price', 'C:\\xampp\\htdocs\\ci4\\app\\Views\\tool\\index.php', 53, [...])
 2 SYSTEMPATH\View\View.php(226): include('C:\\xampp\\htdocs\\ci4\\app\\Views\\tool\\index.php')
 3 SYSTEMPATH\View\View.php(229): CodeIgniter\View\View->CodeIgniter\View\{closure}()
 4 SYSTEMPATH\Common.php(1188): CodeIgniter\View\View->render('tool/index', [], true)
 5 APPPATH\Controllers\Tool.php(17): view('tool/index', [...])
 6 SYSTEMPATH\CodeIgniter.php(919): App\Controllers\Tool->index()
 7 SYSTEMPATH\CodeIgniter.php(494): CodeIgniter\CodeIgniter->runController(Object(App\Controllers\Tool))
 8 SYSTEMPATH\CodeIgniter.php(353): CodeIgniter\CodeIgniter->handleRequest(null, Object(Config\Cache), false)
 9 FCPATH\index.php(79): CodeIgniter\CodeIgniter->run()
CRITICAL - 2023-09-29 02:39:54 --> Undefined property: stdClass::$price
in APPPATH\Views\tool\index.php on line 53.
 1 APPPATH\Views\tool\index.php(53): CodeIgniter\Debug\Exceptions->errorHandler(8, 'Undefined property: stdClass::$price', 'C:\\xampp\\htdocs\\ci4\\app\\Views\\tool\\index.php', 53, [...])
 2 SYSTEMPATH\View\View.php(226): include('C:\\xampp\\htdocs\\ci4\\app\\Views\\tool\\index.php')
 3 SYSTEMPATH\View\View.php(229): CodeIgniter\View\View->CodeIgniter\View\{closure}()
 4 SYSTEMPATH\Common.php(1188): CodeIgniter\View\View->render('tool/index', [], true)
 5 APPPATH\Controllers\Tool.php(17): view('tool/index', [...])
 6 SYSTEMPATH\CodeIgniter.php(919): App\Controllers\Tool->index()
 7 SYSTEMPATH\CodeIgniter.php(494): CodeIgniter\CodeIgniter->runController(Object(App\Controllers\Tool))
 8 SYSTEMPATH\CodeIgniter.php(353): CodeIgniter\CodeIgniter->handleRequest(null, Object(Config\Cache), false)
 9 FCPATH\index.php(79): CodeIgniter\CodeIgniter->run()
CRITICAL - 2023-09-29 02:39:55 --> Undefined property: stdClass::$price
in APPPATH\Views\tool\index.php on line 53.
 1 APPPATH\Views\tool\index.php(53): CodeIgniter\Debug\Exceptions->errorHandler(8, 'Undefined property: stdClass::$price', 'C:\\xampp\\htdocs\\ci4\\app\\Views\\tool\\index.php', 53, [...])
 2 SYSTEMPATH\View\View.php(226): include('C:\\xampp\\htdocs\\ci4\\app\\Views\\tool\\index.php')
 3 SYSTEMPATH\View\View.php(229): CodeIgniter\View\View->CodeIgniter\View\{closure}()
 4 SYSTEMPATH\Common.php(1188): CodeIgniter\View\View->render('tool/index', [], true)
 5 APPPATH\Controllers\Tool.php(17): view('tool/index', [...])
 6 SYSTEMPATH\CodeIgniter.php(919): App\Controllers\Tool->index()
 7 SYSTEMPATH\CodeIgniter.php(494): CodeIgniter\CodeIgniter->runController(Object(App\Controllers\Tool))
 8 SYSTEMPATH\CodeIgniter.php(353): CodeIgniter\CodeIgniter->handleRequest(null, Object(Config\Cache), false)
 9 FCPATH\index.php(79): CodeIgniter\CodeIgniter->run()
CRITICAL - 2023-09-29 02:41:45 --> Undefined property: stdClass::$BRAND
in APPPATH\Views\tool\index.php on line 53.
 1 APPPATH\Views\tool\index.php(53): CodeIgniter\Debug\Exceptions->errorHandler(8, 'Undefined property: stdClass::$BRAND', 'C:\\xampp\\htdocs\\ci4\\app\\Views\\tool\\index.php', 53, [...])
 2 SYSTEMPATH\View\View.php(226): include('C:\\xampp\\htdocs\\ci4\\app\\Views\\tool\\index.php')
 3 SYSTEMPATH\View\View.php(229): CodeIgniter\View\View->CodeIgniter\View\{closure}()
 4 SYSTEMPATH\Common.php(1188): CodeIgniter\View\View->render('tool/index', [], true)
 5 APPPATH\Controllers\Tool.php(17): view('tool/index', [...])
 6 SYSTEMPATH\CodeIgniter.php(919): App\Controllers\Tool->index()
 7 SYSTEMPATH\CodeIgniter.php(494): CodeIgniter\CodeIgniter->runController(Object(App\Controllers\Tool))
 8 SYSTEMPATH\CodeIgniter.php(353): CodeIgniter\CodeIgniter->handleRequest(null, Object(Config\Cache), false)
 9 FCPATH\index.php(79): CodeIgniter\CodeIgniter->run()
CRITICAL - 2023-09-29 02:52:17 --> Invalid file: "item/include/navbar.php"
in SYSTEMPATH\Exceptions\FrameworkException.php on line 39.
 1 SYSTEMPATH\View\View.php(214): CodeIgniter\Exceptions\FrameworkException::forInvalidFile('item/include/navbar.php')
 2 SYSTEMPATH\View\View.php(467): CodeIgniter\View\View->render('item/include/navbar', null, true)
 3 APPPATH\Views\tool\add.php(13): CodeIgniter\View\View->include('item/include/navbar')
 4 SYSTEMPATH\View\View.php(226): include('C:\\xampp\\htdocs\\ci4\\app\\Views\\tool\\add.php')
 5 SYSTEMPATH\View\View.php(229): CodeIgniter\View\View->CodeIgniter\View\{closure}()
 6 SYSTEMPATH\Common.php(1188): CodeIgniter\View\View->render('tool/add', [], true)
 7 APPPATH\Controllers\Tool.php(60): view('tool/add', [])
 8 SYSTEMPATH\CodeIgniter.php(919): App\Controllers\Tool->add()
 9 SYSTEMPATH\CodeIgniter.php(494): CodeIgniter\CodeIgniter->runController(Object(App\Controllers\Tool))
10 SYSTEMPATH\CodeIgniter.php(353): CodeIgniter\CodeIgniter->handleRequest(null, Object(Config\Cache), false)
11 FCPATH\index.php(79): CodeIgniter\CodeIgniter->run()
CRITICAL - 2023-09-29 02:53:37 --> Invalid file: "item/include/navbar.php"
in SYSTEMPATH\Exceptions\FrameworkException.php on line 39.
 1 SYSTEMPATH\View\View.php(214): CodeIgniter\Exceptions\FrameworkException::forInvalidFile('item/include/navbar.php')
 2 SYSTEMPATH\View\View.php(467): CodeIgniter\View\View->render('item/include/navbar', null, true)
 3 APPPATH\Views\tool\add.php(13): CodeIgniter\View\View->include('item/include/navbar')
 4 SYSTEMPATH\View\View.php(226): include('C:\\xampp\\htdocs\\ci4\\app\\Views\\tool\\add.php')
 5 SYSTEMPATH\View\View.php(229): CodeIgniter\View\View->CodeIgniter\View\{closure}()
 6 SYSTEMPATH\Common.php(1188): CodeIgniter\View\View->render('tool/add', [], true)
 7 APPPATH\Controllers\Tool.php(60): view('tool/add', [])
 8 SYSTEMPATH\CodeIgniter.php(919): App\Controllers\Tool->add()
 9 SYSTEMPATH\CodeIgniter.php(494): CodeIgniter\CodeIgniter->runController(Object(App\Controllers\Tool))
10 SYSTEMPATH\CodeIgniter.php(353): CodeIgniter\CodeIgniter->handleRequest(null, Object(Config\Cache), false)
11 FCPATH\index.php(79): CodeIgniter\CodeIgniter->run()
CRITICAL - 2023-09-29 02:54:18 --> Invalid file: "item/include/navbar.php"
in SYSTEMPATH\Exceptions\FrameworkException.php on line 39.
 1 SYSTEMPATH\View\View.php(214): CodeIgniter\Exceptions\FrameworkException::forInvalidFile('item/include/navbar.php')
 2 SYSTEMPATH\View\View.php(467): CodeIgniter\View\View->render('item/include/navbar', null, true)
 3 APPPATH\Views\tool\add.php(13): CodeIgniter\View\View->include('item/include/navbar')
 4 SYSTEMPATH\View\View.php(226): include('C:\\xampp\\htdocs\\ci4\\app\\Views\\tool\\add.php')
 5 SYSTEMPATH\View\View.php(229): CodeIgniter\View\View->CodeIgniter\View\{closure}()
 6 SYSTEMPATH\Common.php(1188): CodeIgniter\View\View->render('tool/add', [], true)
 7 APPPATH\Controllers\Tool.php(60): view('tool/add', [])
 8 SYSTEMPATH\CodeIgniter.php(919): App\Controllers\Tool->add()
 9 SYSTEMPATH\CodeIgniter.php(494): CodeIgniter\CodeIgniter->runController(Object(App\Controllers\Tool))
10 SYSTEMPATH\CodeIgniter.php(353): CodeIgniter\CodeIgniter->handleRequest(null, Object(Config\Cache), false)
11 FCPATH\index.php(79): CodeIgniter\CodeIgniter->run()
INFO - 2023-09-29 02:58:27 --> Session: Class initialized using 'CodeIgniter\Session\Handlers\FileHandler' driver.
INFO - 2023-09-29 02:58:49 --> Session: Class initialized using 'CodeIgniter\Session\Handlers\FileHandler' driver.
INFO - 2023-09-29 02:59:03 --> Session: Class initialized using 'CodeIgniter\Session\Handlers\FileHandler' driver.
INFO - 2023-09-29 03:00:35 --> Session: Class initialized using 'CodeIgniter\Session\Handlers\FileHandler' driver.
INFO - 2023-09-29 03:00:35 --> Session: Class initialized using 'CodeIgniter\Session\Handlers\FileHandler' driver.
INFO - 2023-09-29 03:00:36 --> Session: Class initialized using 'CodeIgniter\Session\Handlers\FileHandler' driver.
INFO - 2023-09-29 03:00:36 --> Session: Class initialized using 'CodeIgniter\Session\Handlers\FileHandler' driver.
INFO - 2023-09-29 03:00:36 --> Session: Class initialized using 'CodeIgniter\Session\Handlers\FileHandler' driver.
INFO - 2023-09-29 03:01:03 --> Session: Class initialized using 'CodeIgniter\Session\Handlers\FileHandler' driver.
INFO - 2023-09-29 03:01:14 --> Session: Class initialized using 'CodeIgniter\Session\Handlers\FileHandler' driver.
INFO - 2023-09-29 03:01:28 --> Session: Class initialized using 'CodeIgniter\Session\Handlers\FileHandler' driver.
INFO - 2023-09-29 03:01:48 --> Session: Class initialized using 'CodeIgniter\Session\Handlers\FileHandler' driver.
CRITICAL - 2023-09-29 03:27:53 --> Invalid file: "item/include/navbar.php"
in SYSTEMPATH\Exceptions\FrameworkException.php on line 39.
 1 SYSTEMPATH\View\View.php(214): CodeIgniter\Exceptions\FrameworkException::forInvalidFile('item/include/navbar.php')
 2 SYSTEMPATH\View\View.php(467): CodeIgniter\View\View->render('item/include/navbar', null, true)
 3 APPPATH\Views\tool\view.php(12): CodeIgniter\View\View->include('item/include/navbar')
 4 SYSTEMPATH\View\View.php(226): include('C:\\xampp\\htdocs\\ci4\\app\\Views\\tool\\view.php')
 5 SYSTEMPATH\View\View.php(229): CodeIgniter\View\View->CodeIgniter\View\{closure}()
 6 SYSTEMPATH\Common.php(1188): CodeIgniter\View\View->render('tool/view', [], true)
 7 APPPATH\Controllers\Tool.php(36): view('tool/view', [...])
 8 SYSTEMPATH\CodeIgniter.php(919): App\Controllers\Tool->view('1')
 9 SYSTEMPATH\CodeIgniter.php(494): CodeIgniter\CodeIgniter->runController(Object(App\Controllers\Tool))
10 SYSTEMPATH\CodeIgniter.php(353): CodeIgniter\CodeIgniter->handleRequest(null, Object(Config\Cache), false)
11 FCPATH\index.php(79): CodeIgniter\CodeIgniter->run()
CRITICAL - 2023-09-29 03:28:43 --> Undefined variable: item
in APPPATH\Views\tool\view.php on line 29.
 1 APPPATH\Views\tool\view.php(29): CodeIgniter\Debug\Exceptions->errorHandler(8, 'Undefined variable: item', 'C:\\xampp\\htdocs\\ci4\\app\\Views\\tool\\view.php', 29, [...])
 2 SYSTEMPATH\View\View.php(226): include('C:\\xampp\\htdocs\\ci4\\app\\Views\\tool\\view.php')
 3 SYSTEMPATH\View\View.php(229): CodeIgniter\View\View->CodeIgniter\View\{closure}()
 4 SYSTEMPATH\Common.php(1188): CodeIgniter\View\View->render('tool/view', [], true)
 5 APPPATH\Controllers\Tool.php(36): view('tool/view', [...])
 6 SYSTEMPATH\CodeIgniter.php(919): App\Controllers\Tool->view('1')
 7 SYSTEMPATH\CodeIgniter.php(494): CodeIgniter\CodeIgniter->runController(Object(App\Controllers\Tool))
 8 SYSTEMPATH\CodeIgniter.php(353): CodeIgniter\CodeIgniter->handleRequest(null, Object(Config\Cache), false)
 9 FCPATH\index.php(79): CodeIgniter\CodeIgniter->run()
CRITICAL - 2023-09-29 03:29:15 --> Undefined property: stdClass::$price
in APPPATH\Views\tool\view.php on line 36.
 1 APPPATH\Views\tool\view.php(36): CodeIgniter\Debug\Exceptions->errorHandler(8, 'Undefined property: stdClass::$price', 'C:\\xampp\\htdocs\\ci4\\app\\Views\\tool\\view.php', 36, [...])
 2 SYSTEMPATH\View\View.php(226): include('C:\\xampp\\htdocs\\ci4\\app\\Views\\tool\\view.php')
 3 SYSTEMPATH\View\View.php(229): CodeIgniter\View\View->CodeIgniter\View\{closure}()
 4 SYSTEMPATH\Common.php(1188): CodeIgniter\View\View->render('tool/view', [], true)
 5 APPPATH\Controllers\Tool.php(36): view('tool/view', [...])
 6 SYSTEMPATH\CodeIgniter.php(919): App\Controllers\Tool->view('1')
 7 SYSTEMPATH\CodeIgniter.php(494): CodeIgniter\CodeIgniter->runController(Object(App\Controllers\Tool))
 8 SYSTEMPATH\CodeIgniter.php(353): CodeIgniter\CodeIgniter->handleRequest(null, Object(Config\Cache), false)
 9 FCPATH\index.php(79): CodeIgniter\CodeIgniter->run()
CRITICAL - 2023-09-29 04:25:02 --> syntax error, unexpected ')', expecting variable (T_VARIABLE)
in APPPATH\Controllers\Tool.php on line 66.
 1 SYSTEMPATH\Autoloader\Autoloader.php(285): CodeIgniter\Autoloader\Autoloader->includeFile('C:\\xampp\\htdocs\\ci4\\app\\Controllers\\Tool.php')
 2 SYSTEMPATH\Autoloader\Autoloader.php(263): CodeIgniter\Autoloader\Autoloader->loadInNamespace('App\\Controllers\\Tool')
 3 [internal function]: CodeIgniter\Autoloader\Autoloader->loadClass('App\\Controllers\\Tool')
 4 [internal function]: spl_autoload_call('App\\Controllers\\Tool')
 5 SYSTEMPATH\CodeIgniter.php(877): class_exists('\\App\\Controllers\\Tool', true)
 6 SYSTEMPATH\CodeIgniter.php(481): CodeIgniter\CodeIgniter->startController()
 7 SYSTEMPATH\CodeIgniter.php(353): CodeIgniter\CodeIgniter->handleRequest(null, Object(Config\Cache), false)
 8 FCPATH\index.php(79): CodeIgniter\CodeIgniter->run()
CRITICAL - 2023-09-29 04:25:41 --> Invalid file: "tool/edit.php"
in SYSTEMPATH\Exceptions\FrameworkException.php on line 39.
 1 SYSTEMPATH\View\View.php(214): CodeIgniter\Exceptions\FrameworkException::forInvalidFile('tool/edit.php')
 2 SYSTEMPATH\Common.php(1188): CodeIgniter\View\View->render('tool/edit', [], true)
 3 APPPATH\Controllers\Tool.php(94): view('tool/edit', [...])
 4 SYSTEMPATH\CodeIgniter.php(919): App\Controllers\Tool->edit('1')
 5 SYSTEMPATH\CodeIgniter.php(494): CodeIgniter\CodeIgniter->runController(Object(App\Controllers\Tool))
 6 SYSTEMPATH\CodeIgniter.php(353): CodeIgniter\CodeIgniter->handleRequest(null, Object(Config\Cache), false)
 7 FCPATH\index.php(79): CodeIgniter\CodeIgniter->run()
CRITICAL - 2023-09-29 04:30:05 --> Too few arguments to function App\Controllers\Tool::edit(), 0 passed in C:\xampp\htdocs\ci4\system\CodeIgniter.php on line 919 and exactly 1 expected
in APPPATH\Controllers\Tool.php on line 66.
 1 SYSTEMPATH\CodeIgniter.php(919): App\Controllers\Tool->edit()
 2 SYSTEMPATH\CodeIgniter.php(494): CodeIgniter\CodeIgniter->runController(Object(App\Controllers\Tool))
 3 SYSTEMPATH\CodeIgniter.php(353): CodeIgniter\CodeIgniter->handleRequest(null, Object(Config\Cache), false)
 4 FCPATH\index.php(79): CodeIgniter\CodeIgniter->run()
CRITICAL - 2023-09-29 04:34:35 --> Too few arguments to function App\Controllers\Tool::edit(), 0 passed in C:\xampp\htdocs\ci4\system\CodeIgniter.php on line 919 and exactly 1 expected
in APPPATH\Controllers\Tool.php on line 66.
 1 SYSTEMPATH\CodeIgniter.php(919): App\Controllers\Tool->edit()
 2 SYSTEMPATH\CodeIgniter.php(494): CodeIgniter\CodeIgniter->runController(Object(App\Controllers\Tool))
 3 SYSTEMPATH\CodeIgniter.php(353): CodeIgniter\CodeIgniter->handleRequest(null, Object(Config\Cache), false)
 4 FCPATH\index.php(79): CodeIgniter\CodeIgniter->run()
CRITICAL - 2023-09-29 04:36:40 --> syntax error, unexpected '$data' (T_VARIABLE)
in APPPATH\Controllers\Tool.php on line 68.
 1 SYSTEMPATH\Autoloader\Autoloader.php(285): CodeIgniter\Autoloader\Autoloader->includeFile('C:\\xampp\\htdocs\\ci4\\app\\Controllers\\Tool.php')
 2 SYSTEMPATH\Autoloader\Autoloader.php(263): CodeIgniter\Autoloader\Autoloader->loadInNamespace('App\\Controllers\\Tool')
 3 [internal function]: CodeIgniter\Autoloader\Autoloader->loadClass('App\\Controllers\\Tool')
 4 [internal function]: spl_autoload_call('App\\Controllers\\Tool')
 5 SYSTEMPATH\CodeIgniter.php(877): class_exists('\\App\\Controllers\\Tool', true)
 6 SYSTEMPATH\CodeIgniter.php(481): CodeIgniter\CodeIgniter->startController()
 7 SYSTEMPATH\CodeIgniter.php(353): CodeIgniter\CodeIgniter->handleRequest(null, Object(Config\Cache), false)
 8 FCPATH\index.php(79): CodeIgniter\CodeIgniter->run()
CRITICAL - 2023-09-29 04:44:47 --> Undefined variable: item
in APPPATH\Views\tool\edit.php on line 48.
 1 APPPATH\Views\tool\edit.php(48): CodeIgniter\Debug\Exceptions->errorHandler(8, 'Undefined variable: item', 'C:\\xampp\\htdocs\\ci4\\app\\Views\\tool\\edit.php', 48, [...])
 2 SYSTEMPATH\View\View.php(226): include('C:\\xampp\\htdocs\\ci4\\app\\Views\\tool\\edit.php')
 3 SYSTEMPATH\View\View.php(229): CodeIgniter\View\View->CodeIgniter\View\{closure}()
 4 SYSTEMPATH\Common.php(1188): CodeIgniter\View\View->render('tool/edit', [], true)
 5 APPPATH\Controllers\Tool.php(99): view('tool/edit', [...])
 6 SYSTEMPATH\CodeIgniter.php(919): App\Controllers\Tool->edit('1')
 7 SYSTEMPATH\CodeIgniter.php(494): CodeIgniter\CodeIgniter->runController(Object(App\Controllers\Tool))
 8 SYSTEMPATH\CodeIgniter.php(353): CodeIgniter\CodeIgniter->handleRequest(null, Object(Config\Cache), false)
 9 FCPATH\index.php(79): CodeIgniter\CodeIgniter->run()
INFO - 2023-09-29 05:14:25 --> Session: Class initialized using 'CodeIgniter\Session\Handlers\FileHandler' driver.
INFO - 2023-09-29 05:15:22 --> Session: Class initialized using 'CodeIgniter\Session\Handlers\FileHandler' driver.
INFO - 2023-09-29 05:16:38 --> Session: Class initialized using 'CodeIgniter\Session\Handlers\FileHandler' driver.
INFO - 2023-09-29 05:17:12 --> Session: Class initialized using 'CodeIgniter\Session\Handlers\FileHandler' driver.
CRITICAL - 2023-09-29 05:17:15 --> "AuthAdmin" filter must have a matching alias defined.
in SYSTEMPATH\Filters\Filters.php on line 350.
 1 SYSTEMPATH\Filters\Filters.php(350): CodeIgniter\Filters\Exceptions\FilterException::forNoAlias('AuthAdmin')
 2 SYSTEMPATH\CodeIgniter.php(459): CodeIgniter\Filters\Filters->enableFilter('AuthAdmin', 'before')
 3 SYSTEMPATH\CodeIgniter.php(353): CodeIgniter\CodeIgniter->handleRequest(null, Object(Config\Cache), false)
 4 FCPATH\index.php(79): CodeIgniter\CodeIgniter->run()
INFO - 2023-09-29 05:18:45 --> Session: Class initialized using 'CodeIgniter\Session\Handlers\FileHandler' driver.
INFO - 2023-09-29 05:18:45 --> Session: Class initialized using 'CodeIgniter\Session\Handlers\FileHandler' driver.
INFO - 2023-09-29 05:18:47 --> Session: Class initialized using 'CodeIgniter\Session\Handlers\FileHandler' driver.
INFO - 2023-09-29 05:18:56 --> Session: Class initialized using 'CodeIgniter\Session\Handlers\FileHandler' driver.
INFO - 2023-09-29 05:22:41 --> Session: Class initialized using 'CodeIgniter\Session\Handlers\FileHandler' driver.
INFO - 2023-09-29 05:22:50 --> Session: Class initialized using 'CodeIgniter\Session\Handlers\FileHandler' driver.
INFO - 2023-09-29 05:22:50 --> Session: Class initialized using 'CodeIgniter\Session\Handlers\FileHandler' driver.
INFO - 2023-09-29 05:22:59 --> Session: Class initialized using 'CodeIgniter\Session\Handlers\FileHandler' driver.
INFO - 2023-09-29 05:31:47 --> Session: Class initialized using 'CodeIgniter\Session\Handlers\FileHandler' driver.
INFO - 2023-09-29 05:32:09 --> Session: Class initialized using 'CodeIgniter\Session\Handlers\FileHandler' driver.
INFO - 2023-09-29 05:32:12 --> Session: Class initialized using 'CodeIgniter\Session\Handlers\FileHandler' driver.
INFO - 2023-09-29 05:32:26 --> Session: Class initialized using 'CodeIgniter\Session\Handlers\FileHandler' driver.
INFO - 2023-09-29 05:32:26 --> Session: Class initialized using 'CodeIgniter\Session\Handlers\FileHandler' driver.
INFO - 2023-09-29 05:32:37 --> Session: Class initialized using 'CodeIgniter\Session\Handlers\FileHandler' driver.
INFO - 2023-09-29 05:32:37 --> Session: Class initialized using 'CodeIgniter\Session\Handlers\FileHandler' driver.
INFO - 2023-09-29 05:32:59 --> Session: Class initialized using 'CodeIgniter\Session\Handlers\FileHandler' driver.
INFO - 2023-09-29 05:33:09 --> Session: Class initialized using 'CodeIgniter\Session\Handlers\FileHandler' driver.
INFO - 2023-09-29 05:33:10 --> Session: Class initialized using 'CodeIgniter\Session\Handlers\FileHandler' driver.
INFO - 2023-09-29 05:37:01 --> Session: Class initialized using 'CodeIgniter\Session\Handlers\FileHandler' driver.
INFO - 2023-09-29 05:37:01 --> Session: Class initialized using 'CodeIgniter\Session\Handlers\FileHandler' driver.
INFO - 2023-09-29 05:37:01 --> Session: Class initialized using 'CodeIgniter\Session\Handlers\FileHandler' driver.
INFO - 2023-09-29 05:37:06 --> Session: Class initialized using 'CodeIgniter\Session\Handlers\FileHandler' driver.
INFO - 2023-09-29 05:37:06 --> Session: Class initialized using 'CodeIgniter\Session\Handlers\FileHandler' driver.
INFO - 2023-09-29 05:37:09 --> Session: Class initialized using 'CodeIgniter\Session\Handlers\FileHandler' driver.
INFO - 2023-09-29 05:37:09 --> Session: Class initialized using 'CodeIgniter\Session\Handlers\FileHandler' driver.
INFO - 2023-09-29 05:37:12 --> Session: Class initialized using 'CodeIgniter\Session\Handlers\FileHandler' driver.
INFO - 2023-09-29 05:37:12 --> Session: Class initialized using 'CodeIgniter\Session\Handlers\FileHandler' driver.
INFO - 2023-09-29 05:37:12 --> Session: Class initialized using 'CodeIgniter\Session\Handlers\FileHandler' driver.
INFO - 2023-09-29 05:42:45 --> Session: Class initialized using 'CodeIgniter\Session\Handlers\FileHandler' driver.
INFO - 2023-09-29 05:42:45 --> Session: Class initialized using 'CodeIgniter\Session\Handlers\FileHandler' driver.
INFO - 2023-09-29 05:42:47 --> Session: Class initialized using 'CodeIgniter\Session\Handlers\FileHandler' driver.
INFO - 2023-09-29 05:42:47 --> Session: Class initialized using 'CodeIgniter\Session\Handlers\FileHandler' driver.
INFO - 2023-09-29 05:42:49 --> Session: Class initialized using 'CodeIgniter\Session\Handlers\FileHandler' driver.
CRITICAL - 2023-09-29 05:42:49 --> Undefined variable: tool
in APPPATH\Views\tool\delete.php on line 52.
 1 APPPATH\Views\tool\delete.php(52): CodeIgniter\Debug\Exceptions->errorHandler(8, 'Undefined variable: tool', 'C:\\xampp\\htdocs\\ci4\\app\\Views\\tool\\delete.php', 52, [...])
 2 SYSTEMPATH\View\View.php(226): include('C:\\xampp\\htdocs\\ci4\\app\\Views\\tool\\delete.php')
 3 SYSTEMPATH\View\View.php(229): CodeIgniter\View\View->CodeIgniter\View\{closure}()
 4 SYSTEMPATH\Common.php(1188): CodeIgniter\View\View->render('tool/delete', [], true)
 5 APPPATH\Controllers\Tool.php(112): view('tool/delete', [...])
 6 SYSTEMPATH\CodeIgniter.php(919): App\Controllers\Tool->delete(2)
 7 SYSTEMPATH\CodeIgniter.php(494): CodeIgniter\CodeIgniter->runController(Object(App\Controllers\Tool))
 8 SYSTEMPATH\CodeIgniter.php(353): CodeIgniter\CodeIgniter->handleRequest(null, Object(Config\Cache), false)
 9 FCPATH\index.php(79): CodeIgniter\CodeIgniter->run()
INFO - 2023-09-29 05:44:20 --> Session: Class initialized using 'CodeIgniter\Session\Handlers\FileHandler' driver.
INFO - 2023-09-29 05:44:28 --> Session: Class initialized using 'CodeIgniter\Session\Handlers\FileHandler' driver.
INFO - 2023-09-29 05:44:30 --> Session: Class initialized using 'CodeIgniter\Session\Handlers\FileHandler' driver.
INFO - 2023-09-29 05:45:13 --> Session: Class initialized using 'CodeIgniter\Session\Handlers\FileHandler' driver.
CRITICAL - 2023-09-29 05:45:13 --> Undefined variable: tool
in APPPATH\Views\tool\delete.php on line 52.
 1 APPPATH\Views\tool\delete.php(52): CodeIgniter\Debug\Exceptions->errorHandler(8, 'Undefined variable: tool', 'C:\\xampp\\htdocs\\ci4\\app\\Views\\tool\\delete.php', 52, [...])
 2 SYSTEMPATH\View\View.php(226): include('C:\\xampp\\htdocs\\ci4\\app\\Views\\tool\\delete.php')
 3 SYSTEMPATH\View\View.php(229): CodeIgniter\View\View->CodeIgniter\View\{closure}()
 4 SYSTEMPATH\Common.php(1188): CodeIgniter\View\View->render('tool/delete', [], true)
 5 APPPATH\Controllers\Tool.php(111): view('tool/delete', [...])
 6 SYSTEMPATH\CodeIgniter.php(919): App\Controllers\Tool->delete(2)
 7 SYSTEMPATH\CodeIgniter.php(494): CodeIgniter\CodeIgniter->runController(Object(App\Controllers\Tool))
 8 SYSTEMPATH\CodeIgniter.php(353): CodeIgniter\CodeIgniter->handleRequest(null, Object(Config\Cache), false)
 9 FCPATH\index.php(79): CodeIgniter\CodeIgniter->run()
INFO - 2023-09-29 05:45:14 --> Session: Class initialized using 'CodeIgniter\Session\Handlers\FileHandler' driver.
CRITICAL - 2023-09-29 05:45:14 --> Undefined variable: tool
in APPPATH\Views\tool\delete.php on line 52.
 1 APPPATH\Views\tool\delete.php(52): CodeIgniter\Debug\Exceptions->errorHandler(8, 'Undefined variable: tool', 'C:\\xampp\\htdocs\\ci4\\app\\Views\\tool\\delete.php', 52, [...])
 2 SYSTEMPATH\View\View.php(226): include('C:\\xampp\\htdocs\\ci4\\app\\Views\\tool\\delete.php')
 3 SYSTEMPATH\View\View.php(229): CodeIgniter\View\View->CodeIgniter\View\{closure}()
 4 SYSTEMPATH\Common.php(1188): CodeIgniter\View\View->render('tool/delete', [], true)
 5 APPPATH\Controllers\Tool.php(111): view('tool/delete', [...])
 6 SYSTEMPATH\CodeIgniter.php(919): App\Controllers\Tool->delete(2)
 7 SYSTEMPATH\CodeIgniter.php(494): CodeIgniter\CodeIgniter->runController(Object(App\Controllers\Tool))
 8 SYSTEMPATH\CodeIgniter.php(353): CodeIgniter\CodeIgniter->handleRequest(null, Object(Config\Cache), false)
 9 FCPATH\index.php(79): CodeIgniter\CodeIgniter->run()
INFO - 2023-09-29 05:46:09 --> Session: Class initialized using 'CodeIgniter\Session\Handlers\FileHandler' driver.
CRITICAL - 2023-09-29 05:46:09 --> Undefined variable: tool
in APPPATH\Views\tool\delete.php on line 18.
 1 APPPATH\Views\tool\delete.php(18): CodeIgniter\Debug\Exceptions->errorHandler(8, 'Undefined variable: tool', 'C:\\xampp\\htdocs\\ci4\\app\\Views\\tool\\delete.php', 18, [...])
 2 SYSTEMPATH\View\View.php(226): include('C:\\xampp\\htdocs\\ci4\\app\\Views\\tool\\delete.php')
 3 SYSTEMPATH\View\View.php(229): CodeIgniter\View\View->CodeIgniter\View\{closure}()
 4 SYSTEMPATH\Common.php(1188): CodeIgniter\View\View->render('tool/delete', [], true)
 5 APPPATH\Controllers\Tool.php(111): view('tool/delete', [...])
 6 SYSTEMPATH\CodeIgniter.php(919): App\Controllers\Tool->delete(2)
 7 SYSTEMPATH\CodeIgniter.php(494): CodeIgniter\CodeIgniter->runController(Object(App\Controllers\Tool))
 8 SYSTEMPATH\CodeIgniter.php(353): CodeIgniter\CodeIgniter->handleRequest(null, Object(Config\Cache), false)
 9 FCPATH\index.php(79): CodeIgniter\CodeIgniter->run()
INFO - 2023-09-29 05:46:15 --> Session: Class initialized using 'CodeIgniter\Session\Handlers\FileHandler' driver.
CRITICAL - 2023-09-29 05:46:15 --> Undefined variable: data
in APPPATH\Views\tool\delete.php on line 18.
 1 APPPATH\Views\tool\delete.php(18): CodeIgniter\Debug\Exceptions->errorHandler(8, 'Undefined variable: data', 'C:\\xampp\\htdocs\\ci4\\app\\Views\\tool\\delete.php', 18, [...])
 2 SYSTEMPATH\View\View.php(226): include('C:\\xampp\\htdocs\\ci4\\app\\Views\\tool\\delete.php')
 3 SYSTEMPATH\View\View.php(229): CodeIgniter\View\View->CodeIgniter\View\{closure}()
 4 SYSTEMPATH\Common.php(1188): CodeIgniter\View\View->render('tool/delete', [], true)
 5 APPPATH\Controllers\Tool.php(111): view('tool/delete', [...])
 6 SYSTEMPATH\CodeIgniter.php(919): App\Controllers\Tool->delete(2)
 7 SYSTEMPATH\CodeIgniter.php(494): CodeIgniter\CodeIgniter->runController(Object(App\Controllers\Tool))
 8 SYSTEMPATH\CodeIgniter.php(353): CodeIgniter\CodeIgniter->handleRequest(null, Object(Config\Cache), false)
 9 FCPATH\index.php(79): CodeIgniter\CodeIgniter->run()
INFO - 2023-09-29 05:46:19 --> Session: Class initialized using 'CodeIgniter\Session\Handlers\FileHandler' driver.
INFO - 2023-09-29 05:46:20 --> Session: Class initialized using 'CodeIgniter\Session\Handlers\FileHandler' driver.
CRITICAL - 2023-09-29 05:46:20 --> Undefined variable: data
in APPPATH\Views\tool\delete.php on line 18.
 1 APPPATH\Views\tool\delete.php(18): CodeIgniter\Debug\Exceptions->errorHandler(8, 'Undefined variable: data', 'C:\\xampp\\htdocs\\ci4\\app\\Views\\tool\\delete.php', 18, [...])
 2 SYSTEMPATH\View\View.php(226): include('C:\\xampp\\htdocs\\ci4\\app\\Views\\tool\\delete.php')
 3 SYSTEMPATH\View\View.php(229): CodeIgniter\View\View->CodeIgniter\View\{closure}()
 4 SYSTEMPATH\Common.php(1188): CodeIgniter\View\View->render('tool/delete', [], true)
 5 APPPATH\Controllers\Tool.php(111): view('tool/delete', [...])
 6 SYSTEMPATH\CodeIgniter.php(919): App\Controllers\Tool->delete(2)
 7 SYSTEMPATH\CodeIgniter.php(494): CodeIgniter\CodeIgniter->runController(Object(App\Controllers\Tool))
 8 SYSTEMPATH\CodeIgniter.php(353): CodeIgniter\CodeIgniter->handleRequest(null, Object(Config\Cache), false)
 9 FCPATH\index.php(79): CodeIgniter\CodeIgniter->run()
INFO - 2023-09-29 05:46:24 --> Session: Class initialized using 'CodeIgniter\Session\Handlers\FileHandler' driver.
CRITICAL - 2023-09-29 05:46:25 --> Too few arguments to function App\Controllers\Tool::delete(), 0 passed in C:\xampp\htdocs\ci4\system\CodeIgniter.php on line 919 and exactly 1 expected
in APPPATH\Controllers\Tool.php on line 107.
 1 SYSTEMPATH\CodeIgniter.php(919): App\Controllers\Tool->delete()
 2 SYSTEMPATH\CodeIgniter.php(494): CodeIgniter\CodeIgniter->runController(Object(App\Controllers\Tool))
 3 SYSTEMPATH\CodeIgniter.php(353): CodeIgniter\CodeIgniter->handleRequest(null, Object(Config\Cache), false)
 4 FCPATH\index.php(79): CodeIgniter\CodeIgniter->run()
INFO - 2023-09-29 05:46:26 --> Session: Class initialized using 'CodeIgniter\Session\Handlers\FileHandler' driver.
CRITICAL - 2023-09-29 05:46:26 --> Too few arguments to function App\Controllers\Tool::delete(), 0 passed in C:\xampp\htdocs\ci4\system\CodeIgniter.php on line 919 and exactly 1 expected
in APPPATH\Controllers\Tool.php on line 107.
 1 SYSTEMPATH\CodeIgniter.php(919): App\Controllers\Tool->delete()
 2 SYSTEMPATH\CodeIgniter.php(494): CodeIgniter\CodeIgniter->runController(Object(App\Controllers\Tool))
 3 SYSTEMPATH\CodeIgniter.php(353): CodeIgniter\CodeIgniter->handleRequest(null, Object(Config\Cache), false)
 4 FCPATH\index.php(79): CodeIgniter\CodeIgniter->run()
INFO - 2023-09-29 05:47:53 --> Session: Class initialized using 'CodeIgniter\Session\Handlers\FileHandler' driver.
INFO - 2023-09-29 05:47:55 --> Session: Class initialized using 'CodeIgniter\Session\Handlers\FileHandler' driver.
CRITICAL - 2023-09-29 05:47:55 --> Undefined variable: data
in APPPATH\Views\tool\delete.php on line 18.
 1 APPPATH\Views\tool\delete.php(18): CodeIgniter\Debug\Exceptions->errorHandler(8, 'Undefined variable: data', 'C:\\xampp\\htdocs\\ci4\\app\\Views\\tool\\delete.php', 18, [...])
 2 SYSTEMPATH\View\View.php(226): include('C:\\xampp\\htdocs\\ci4\\app\\Views\\tool\\delete.php')
 3 SYSTEMPATH\View\View.php(229): CodeIgniter\View\View->CodeIgniter\View\{closure}()
 4 SYSTEMPATH\Common.php(1188): CodeIgniter\View\View->render('tool/delete', [], true)
 5 APPPATH\Controllers\Tool.php(111): view('tool/delete', [...])
 6 SYSTEMPATH\CodeIgniter.php(919): App\Controllers\Tool->delete(2)
 7 SYSTEMPATH\CodeIgniter.php(494): CodeIgniter\CodeIgniter->runController(Object(App\Controllers\Tool))
 8 SYSTEMPATH\CodeIgniter.php(353): CodeIgniter\CodeIgniter->handleRequest(null, Object(Config\Cache), false)
 9 FCPATH\index.php(79): CodeIgniter\CodeIgniter->run()
INFO - 2023-09-29 05:48:09 --> Session: Class initialized using 'CodeIgniter\Session\Handlers\FileHandler' driver.
CRITICAL - 2023-09-29 05:48:09 --> Undefined variable: tool
in APPPATH\Views\tool\delete.php on line 18.
 1 APPPATH\Views\tool\delete.php(18): CodeIgniter\Debug\Exceptions->errorHandler(8, 'Undefined variable: tool', 'C:\\xampp\\htdocs\\ci4\\app\\Views\\tool\\delete.php', 18, [...])
 2 SYSTEMPATH\View\View.php(226): include('C:\\xampp\\htdocs\\ci4\\app\\Views\\tool\\delete.php')
 3 SYSTEMPATH\View\View.php(229): CodeIgniter\View\View->CodeIgniter\View\{closure}()
 4 SYSTEMPATH\Common.php(1188): CodeIgniter\View\View->render('tool/delete', [], true)
 5 APPPATH\Controllers\Tool.php(111): view('tool/delete', [...])
 6 SYSTEMPATH\CodeIgniter.php(919): App\Controllers\Tool->delete(2)
 7 SYSTEMPATH\CodeIgniter.php(494): CodeIgniter\CodeIgniter->runController(Object(App\Controllers\Tool))
 8 SYSTEMPATH\CodeIgniter.php(353): CodeIgniter\CodeIgniter->handleRequest(null, Object(Config\Cache), false)
 9 FCPATH\index.php(79): CodeIgniter\CodeIgniter->run()
INFO - 2023-09-29 05:48:27 --> Session: Class initialized using 'CodeIgniter\Session\Handlers\FileHandler' driver.
INFO - 2023-09-29 05:48:27 --> Session: Class initialized using 'CodeIgniter\Session\Handlers\FileHandler' driver.
INFO - 2023-09-29 05:48:30 --> Session: Class initialized using 'CodeIgniter\Session\Handlers\FileHandler' driver.
INFO - 2023-09-29 05:48:30 --> Session: Class initialized using 'CodeIgniter\Session\Handlers\FileHandler' driver.
INFO - 2023-09-29 05:48:32 --> Session: Class initialized using 'CodeIgniter\Session\Handlers\FileHandler' driver.
CRITICAL - 2023-09-29 05:48:32 --> Undefined variable: tool
in APPPATH\Views\tool\delete.php on line 18.
 1 APPPATH\Views\tool\delete.php(18): CodeIgniter\Debug\Exceptions->errorHandler(8, 'Undefined variable: tool', 'C:\\xampp\\htdocs\\ci4\\app\\Views\\tool\\delete.php', 18, [...])
 2 SYSTEMPATH\View\View.php(226): include('C:\\xampp\\htdocs\\ci4\\app\\Views\\tool\\delete.php')
 3 SYSTEMPATH\View\View.php(229): CodeIgniter\View\View->CodeIgniter\View\{closure}()
 4 SYSTEMPATH\Common.php(1188): CodeIgniter\View\View->render('tool/delete', [], true)
 5 APPPATH\Controllers\Tool.php(111): view('tool/delete', [...])
 6 SYSTEMPATH\CodeIgniter.php(919): App\Controllers\Tool->delete(2)
 7 SYSTEMPATH\CodeIgniter.php(494): CodeIgniter\CodeIgniter->runController(Object(App\Controllers\Tool))
 8 SYSTEMPATH\CodeIgniter.php(353): CodeIgniter\CodeIgniter->handleRequest(null, Object(Config\Cache), false)
 9 FCPATH\index.php(79): CodeIgniter\CodeIgniter->run()
INFO - 2023-09-29 05:50:39 --> Session: Class initialized using 'CodeIgniter\Session\Handlers\FileHandler' driver.
INFO - 2023-09-29 05:50:39 --> Session: Class initialized using 'CodeIgniter\Session\Handlers\FileHandler' driver.
INFO - 2023-09-29 05:50:42 --> Session: Class initialized using 'CodeIgniter\Session\Handlers\FileHandler' driver.
INFO - 2023-09-29 05:50:42 --> Session: Class initialized using 'CodeIgniter\Session\Handlers\FileHandler' driver.
INFO - 2023-09-29 05:50:49 --> Session: Class initialized using 'CodeIgniter\Session\Handlers\FileHandler' driver.
INFO - 2023-09-29 05:50:51 --> Session: Class initialized using 'CodeIgniter\Session\Handlers\FileHandler' driver.
INFO - 2023-09-29 05:50:58 --> Session: Class initialized using 'CodeIgniter\Session\Handlers\FileHandler' driver.
INFO - 2023-09-29 05:51:03 --> Session: Class initialized using 'CodeIgniter\Session\Handlers\FileHandler' driver.
CRITICAL - 2023-09-29 05:51:03 --> Too few arguments to function App\Controllers\Tool::delete(), 0 passed in C:\xampp\htdocs\ci4\system\CodeIgniter.php on line 919 and exactly 1 expected
in APPPATH\Controllers\Tool.php on line 107.
 1 SYSTEMPATH\CodeIgniter.php(919): App\Controllers\Tool->delete()
 2 SYSTEMPATH\CodeIgniter.php(494): CodeIgniter\CodeIgniter->runController(Object(App\Controllers\Tool))
 3 SYSTEMPATH\CodeIgniter.php(353): CodeIgniter\CodeIgniter->handleRequest(null, Object(Config\Cache), false)
 4 FCPATH\index.php(79): CodeIgniter\CodeIgniter->run()
INFO - 2023-09-29 05:51:09 --> Session: Class initialized using 'CodeIgniter\Session\Handlers\FileHandler' driver.
INFO - 2023-09-29 05:51:11 --> Session: Class initialized using 'CodeIgniter\Session\Handlers\FileHandler' driver.
INFO - 2023-09-29 05:51:12 --> Session: Class initialized using 'CodeIgniter\Session\Handlers\FileHandler' driver.
INFO - 2023-09-29 05:51:15 --> Session: Class initialized using 'CodeIgniter\Session\Handlers\FileHandler' driver.
INFO - 2023-09-29 05:51:17 --> Session: Class initialized using 'CodeIgniter\Session\Handlers\FileHandler' driver.
INFO - 2023-09-29 05:51:58 --> Session: Class initialized using 'CodeIgniter\Session\Handlers\FileHandler' driver.
INFO - 2023-09-29 05:52:01 --> Session: Class initialized using 'CodeIgniter\Session\Handlers\FileHandler' driver.
INFO - 2023-09-29 05:52:05 --> Session: Class initialized using 'CodeIgniter\Session\Handlers\FileHandler' driver.
INFO - 2023-09-29 05:53:03 --> Session: Class initialized using 'CodeIgniter\Session\Handlers\FileHandler' driver.
INFO - 2023-09-29 05:53:07 --> Session: Class initialized using 'CodeIgniter\Session\Handlers\FileHandler' driver.
INFO - 2023-09-29 05:54:13 --> Session: Class initialized using 'CodeIgniter\Session\Handlers\FileHandler' driver.
INFO - 2023-09-29 05:54:15 --> Session: Class initialized using 'CodeIgniter\Session\Handlers\FileHandler' driver.
INFO - 2023-09-29 05:54:18 --> Session: Class initialized using 'CodeIgniter\Session\Handlers\FileHandler' driver.
INFO - 2023-09-29 05:54:21 --> Session: Class initialized using 'CodeIgniter\Session\Handlers\FileHandler' driver.
INFO - 2023-09-29 05:54:47 --> Session: Class initialized using 'CodeIgniter\Session\Handlers\FileHandler' driver.
INFO - 2023-09-29 05:54:54 --> Session: Class initialized using 'CodeIgniter\Session\Handlers\FileHandler' driver.
INFO - 2023-09-29 05:54:54 --> Session: Class initialized using 'CodeIgniter\Session\Handlers\FileHandler' driver.
INFO - 2023-09-29 05:54:56 --> Session: Class initialized using 'CodeIgniter\Session\Handlers\FileHandler' driver.
INFO - 2023-09-29 05:54:56 --> Session: Class initialized using 'CodeIgniter\Session\Handlers\FileHandler' driver.
INFO - 2023-09-29 05:55:03 --> Session: Class initialized using 'CodeIgniter\Session\Handlers\FileHandler' driver.
INFO - 2023-09-29 05:55:05 --> Session: Class initialized using 'CodeIgniter\Session\Handlers\FileHandler' driver.
INFO - 2023-09-29 05:55:06 --> Session: Class initialized using 'CodeIgniter\Session\Handlers\FileHandler' driver.
INFO - 2023-09-29 05:55:07 --> Session: Class initialized using 'CodeIgniter\Session\Handlers\FileHandler' driver.
CRITICAL - 2023-09-29 05:55:07 --> Too few arguments to function App\Controllers\Tool::delete(), 0 passed in C:\xampp\htdocs\ci4\system\CodeIgniter.php on line 919 and exactly 1 expected
in APPPATH\Controllers\Tool.php on line 107.
 1 SYSTEMPATH\CodeIgniter.php(919): App\Controllers\Tool->delete()
 2 SYSTEMPATH\CodeIgniter.php(494): CodeIgniter\CodeIgniter->runController(Object(App\Controllers\Tool))
 3 SYSTEMPATH\CodeIgniter.php(353): CodeIgniter\CodeIgniter->handleRequest(null, Object(Config\Cache), false)
 4 FCPATH\index.php(79): CodeIgniter\CodeIgniter->run()
INFO - 2023-09-29 05:55:09 --> Session: Class initialized using 'CodeIgniter\Session\Handlers\FileHandler' driver.
INFO - 2023-09-29 05:55:11 --> Session: Class initialized using 'CodeIgniter\Session\Handlers\FileHandler' driver.
INFO - 2023-09-29 05:55:12 --> Session: Class initialized using 'CodeIgniter\Session\Handlers\FileHandler' driver.
INFO - 2023-09-29 05:55:31 --> Session: Class initialized using 'CodeIgniter\Session\Handlers\FileHandler' driver.
INFO - 2023-09-29 05:55:32 --> Session: Class initialized using 'CodeIgniter\Session\Handlers\FileHandler' driver.
INFO - 2023-09-29 05:55:33 --> Session: Class initialized using 'CodeIgniter\Session\Handlers\FileHandler' driver.
CRITICAL - 2023-09-29 05:55:33 --> Too few arguments to function App\Controllers\Tool::delete(), 0 passed in C:\xampp\htdocs\ci4\system\CodeIgniter.php on line 919 and exactly 1 expected
in APPPATH\Controllers\Tool.php on line 107.
 1 SYSTEMPATH\CodeIgniter.php(919): App\Controllers\Tool->delete()
 2 SYSTEMPATH\CodeIgniter.php(494): CodeIgniter\CodeIgniter->runController(Object(App\Controllers\Tool))
 3 SYSTEMPATH\CodeIgniter.php(353): CodeIgniter\CodeIgniter->handleRequest(null, Object(Config\Cache), false)
 4 FCPATH\index.php(79): CodeIgniter\CodeIgniter->run()
INFO - 2023-09-29 05:56:25 --> Session: Class initialized using 'CodeIgniter\Session\Handlers\FileHandler' driver.
CRITICAL - 2023-09-29 05:56:25 --> Too few arguments to function App\Controllers\Tool::delete(), 0 passed in C:\xampp\htdocs\ci4\system\CodeIgniter.php on line 919 and exactly 1 expected
in APPPATH\Controllers\Tool.php on line 107.
 1 SYSTEMPATH\CodeIgniter.php(919): App\Controllers\Tool->delete()
 2 SYSTEMPATH\CodeIgniter.php(494): CodeIgniter\CodeIgniter->runController(Object(App\Controllers\Tool))
 3 SYSTEMPATH\CodeIgniter.php(353): CodeIgniter\CodeIgniter->handleRequest(null, Object(Config\Cache), false)
 4 FCPATH\index.php(79): CodeIgniter\CodeIgniter->run()
INFO - 2023-09-29 05:56:25 --> Session: Class initialized using 'CodeIgniter\Session\Handlers\FileHandler' driver.
CRITICAL - 2023-09-29 05:56:25 --> Too few arguments to function App\Controllers\Tool::delete(), 0 passed in C:\xampp\htdocs\ci4\system\CodeIgniter.php on line 919 and exactly 1 expected
in APPPATH\Controllers\Tool.php on line 107.
 1 SYSTEMPATH\CodeIgniter.php(919): App\Controllers\Tool->delete()
 2 SYSTEMPATH\CodeIgniter.php(494): CodeIgniter\CodeIgniter->runController(Object(App\Controllers\Tool))
 3 SYSTEMPATH\CodeIgniter.php(353): CodeIgniter\CodeIgniter->handleRequest(null, Object(Config\Cache), false)
 4 FCPATH\index.php(79): CodeIgniter\CodeIgniter->run()
INFO - 2023-09-29 05:56:26 --> Session: Class initialized using 'CodeIgniter\Session\Handlers\FileHandler' driver.
INFO - 2023-09-29 05:56:27 --> Session: Class initialized using 'CodeIgniter\Session\Handlers\FileHandler' driver.
INFO - 2023-09-29 05:56:34 --> Session: Class initialized using 'CodeIgniter\Session\Handlers\FileHandler' driver.
CRITICAL - 2023-09-29 05:56:34 --> Too few arguments to function App\Controllers\Tool::delete(), 0 passed in C:\xampp\htdocs\ci4\system\CodeIgniter.php on line 919 and exactly 1 expected
in APPPATH\Controllers\Tool.php on line 107.
 1 SYSTEMPATH\CodeIgniter.php(919): App\Controllers\Tool->delete()
 2 SYSTEMPATH\CodeIgniter.php(494): CodeIgniter\CodeIgniter->runController(Object(App\Controllers\Tool))
 3 SYSTEMPATH\CodeIgniter.php(353): CodeIgniter\CodeIgniter->handleRequest(null, Object(Config\Cache), false)
 4 FCPATH\index.php(79): CodeIgniter\CodeIgniter->run()
CRITICAL - 2023-09-29 05:56:56 --> Undefined variable: tool
in APPPATH\Views\tool\delete.php on line 18.
 1 APPPATH\Views\tool\delete.php(18): CodeIgniter\Debug\Exceptions->errorHandler(8, 'Undefined variable: tool', 'C:\\xampp\\htdocs\\ci4\\app\\Views\\tool\\delete.php', 18, [...])
 2 SYSTEMPATH\View\View.php(226): include('C:\\xampp\\htdocs\\ci4\\app\\Views\\tool\\delete.php')
 3 SYSTEMPATH\View\View.php(229): CodeIgniter\View\View->CodeIgniter\View\{closure}()
 4 SYSTEMPATH\Common.php(1188): CodeIgniter\View\View->render('tool/delete', [], true)
 5 APPPATH\Controllers\Tool.php(111): view('tool/delete', [...])
 6 SYSTEMPATH\CodeIgniter.php(919): App\Controllers\Tool->delete(2)
 7 SYSTEMPATH\CodeIgniter.php(494): CodeIgniter\CodeIgniter->runController(Object(App\Controllers\Tool))
 8 SYSTEMPATH\CodeIgniter.php(353): CodeIgniter\CodeIgniter->handleRequest(null, Object(Config\Cache), false)
 9 FCPATH\index.php(79): CodeIgniter\CodeIgniter->run()
INFO - 2023-09-29 05:56:59 --> Session: Class initialized using 'CodeIgniter\Session\Handlers\FileHandler' driver.
INFO - 2023-09-29 05:57:13 --> Session: Class initialized using 'CodeIgniter\Session\Handlers\FileHandler' driver.
INFO - 2023-09-29 05:57:14 --> Session: Class initialized using 'CodeIgniter\Session\Handlers\FileHandler' driver.
INFO - 2023-09-29 05:57:27 --> Session: Class initialized using 'CodeIgniter\Session\Handlers\FileHandler' driver.
INFO - 2023-09-29 05:57:29 --> Session: Class initialized using 'CodeIgniter\Session\Handlers\FileHandler' driver.
CRITICAL - 2023-09-29 05:57:29 --> Too few arguments to function App\Controllers\Tool::delete(), 0 passed in C:\xampp\htdocs\ci4\system\CodeIgniter.php on line 919 and exactly 1 expected
in APPPATH\Controllers\Tool.php on line 107.
 1 SYSTEMPATH\CodeIgniter.php(919): App\Controllers\Tool->delete()
 2 SYSTEMPATH\CodeIgniter.php(494): CodeIgniter\CodeIgniter->runController(Object(App\Controllers\Tool))
 3 SYSTEMPATH\CodeIgniter.php(353): CodeIgniter\CodeIgniter->handleRequest(null, Object(Config\Cache), false)
 4 FCPATH\index.php(79): CodeIgniter\CodeIgniter->run()
CRITICAL - 2023-09-29 05:58:06 --> Undefined variable: tool
in APPPATH\Views\tool\delete.php on line 18.
 1 APPPATH\Views\tool\delete.php(18): CodeIgniter\Debug\Exceptions->errorHandler(8, 'Undefined variable: tool', 'C:\\xampp\\htdocs\\ci4\\app\\Views\\tool\\delete.php', 18, [...])
 2 SYSTEMPATH\View\View.php(226): include('C:\\xampp\\htdocs\\ci4\\app\\Views\\tool\\delete.php')
 3 SYSTEMPATH\View\View.php(229): CodeIgniter\View\View->CodeIgniter\View\{closure}()
 4 SYSTEMPATH\Common.php(1188): CodeIgniter\View\View->render('tool/delete', [], true)
 5 APPPATH\Controllers\Tool.php(111): view('tool/delete', [...])
 6 SYSTEMPATH\CodeIgniter.php(919): App\Controllers\Tool->delete(3)
 7 SYSTEMPATH\CodeIgniter.php(494): CodeIgniter\CodeIgniter->runController(Object(App\Controllers\Tool))
 8 SYSTEMPATH\CodeIgniter.php(353): CodeIgniter\CodeIgniter->handleRequest(null, Object(Config\Cache), false)
 9 FCPATH\index.php(79): CodeIgniter\CodeIgniter->run()
INFO - 2023-09-29 05:58:08 --> Session: Class initialized using 'CodeIgniter\Session\Handlers\FileHandler' driver.
CRITICAL - 2023-09-29 05:58:09 --> Undefined variable: tool
in APPPATH\Views\tool\delete.php on line 18.
 1 APPPATH\Views\tool\delete.php(18): CodeIgniter\Debug\Exceptions->errorHandler(8, 'Undefined variable: tool', 'C:\\xampp\\htdocs\\ci4\\app\\Views\\tool\\delete.php', 18, [...])
 2 SYSTEMPATH\View\View.php(226): include('C:\\xampp\\htdocs\\ci4\\app\\Views\\tool\\delete.php')
 3 SYSTEMPATH\View\View.php(229): CodeIgniter\View\View->CodeIgniter\View\{closure}()
 4 SYSTEMPATH\Common.php(1188): CodeIgniter\View\View->render('tool/delete', [], true)
 5 APPPATH\Controllers\Tool.php(111): view('tool/delete', [...])
 6 SYSTEMPATH\CodeIgniter.php(919): App\Controllers\Tool->delete(3)
 7 SYSTEMPATH\CodeIgniter.php(494): CodeIgniter\CodeIgniter->runController(Object(App\Controllers\Tool))
 8 SYSTEMPATH\CodeIgniter.php(353): CodeIgniter\CodeIgniter->handleRequest(null, Object(Config\Cache), false)
 9 FCPATH\index.php(79): CodeIgniter\CodeIgniter->run()
CRITICAL - 2023-09-29 05:58:25 --> Undefined variable: tool
in APPPATH\Views\tool\delete.php on line 35.
 1 APPPATH\Views\tool\delete.php(35): CodeIgniter\Debug\Exceptions->errorHandler(8, 'Undefined variable: tool', 'C:\\xampp\\htdocs\\ci4\\app\\Views\\tool\\delete.php', 35, [...])
 2 SYSTEMPATH\View\View.php(226): include('C:\\xampp\\htdocs\\ci4\\app\\Views\\tool\\delete.php')
 3 SYSTEMPATH\View\View.php(229): CodeIgniter\View\View->CodeIgniter\View\{closure}()
 4 SYSTEMPATH\Common.php(1188): CodeIgniter\View\View->render('tool/delete', [], true)
 5 APPPATH\Controllers\Tool.php(111): view('tool/delete', [...])
 6 SYSTEMPATH\CodeIgniter.php(919): App\Controllers\Tool->delete(3)
 7 SYSTEMPATH\CodeIgniter.php(494): CodeIgniter\CodeIgniter->runController(Object(App\Controllers\Tool))
 8 SYSTEMPATH\CodeIgniter.php(353): CodeIgniter\CodeIgniter->handleRequest(null, Object(Config\Cache), false)
 9 FCPATH\index.php(79): CodeIgniter\CodeIgniter->run()
INFO - 2023-09-29 05:58:48 --> Session: Class initialized using 'CodeIgniter\Session\Handlers\FileHandler' driver.
INFO - 2023-09-29 05:58:49 --> Session: Class initialized using 'CodeIgniter\Session\Handlers\FileHandler' driver.
CRITICAL - 2023-09-29 06:00:25 --> Undefined variable: tool
in APPPATH\Views\tool\delete.php on line 35.
 1 APPPATH\Views\tool\delete.php(35): CodeIgniter\Debug\Exceptions->errorHandler(8, 'Undefined variable: tool', 'C:\\xampp\\htdocs\\ci4\\app\\Views\\tool\\delete.php', 35, [...])
 2 SYSTEMPATH\View\View.php(226): include('C:\\xampp\\htdocs\\ci4\\app\\Views\\tool\\delete.php')
 3 SYSTEMPATH\View\View.php(229): CodeIgniter\View\View->CodeIgniter\View\{closure}()
 4 SYSTEMPATH\Common.php(1188): CodeIgniter\View\View->render('tool/delete', [], true)
 5 APPPATH\Controllers\Tool.php(110): view('tool/delete', [...])
 6 SYSTEMPATH\CodeIgniter.php(919): App\Controllers\Tool->delete('3')
 7 SYSTEMPATH\CodeIgniter.php(494): CodeIgniter\CodeIgniter->runController(Object(App\Controllers\Tool))
 8 SYSTEMPATH\CodeIgniter.php(353): CodeIgniter\CodeIgniter->handleRequest(null, Object(Config\Cache), false)
 9 FCPATH\index.php(79): CodeIgniter\CodeIgniter->run()
CRITICAL - 2023-09-29 06:00:58 --> Undefined variable: tool
in APPPATH\Views\tool\delete.php on line 35.
 1 APPPATH\Views\tool\delete.php(35): CodeIgniter\Debug\Exceptions->errorHandler(8, 'Undefined variable: tool', 'C:\\xampp\\htdocs\\ci4\\app\\Views\\tool\\delete.php', 35, [...])
 2 SYSTEMPATH\View\View.php(226): include('C:\\xampp\\htdocs\\ci4\\app\\Views\\tool\\delete.php')
 3 SYSTEMPATH\View\View.php(229): CodeIgniter\View\View->CodeIgniter\View\{closure}()
 4 SYSTEMPATH\Common.php(1188): CodeIgniter\View\View->render('tool/delete', [], true)
 5 APPPATH\Controllers\Tool.php(110): view('tool/delete', [...])
 6 SYSTEMPATH\CodeIgniter.php(919): App\Controllers\Tool->delete('3')
 7 SYSTEMPATH\CodeIgniter.php(494): CodeIgniter\CodeIgniter->runController(Object(App\Controllers\Tool))
 8 SYSTEMPATH\CodeIgniter.php(353): CodeIgniter\CodeIgniter->handleRequest(null, Object(Config\Cache), false)
 9 FCPATH\index.php(79): CodeIgniter\CodeIgniter->run()
CRITICAL - 2023-09-29 06:01:03 --> Undefined variable: tool
in APPPATH\Views\tool\delete.php on line 35.
 1 APPPATH\Views\tool\delete.php(35): CodeIgniter\Debug\Exceptions->errorHandler(8, 'Undefined variable: tool', 'C:\\xampp\\htdocs\\ci4\\app\\Views\\tool\\delete.php', 35, [...])
 2 SYSTEMPATH\View\View.php(226): include('C:\\xampp\\htdocs\\ci4\\app\\Views\\tool\\delete.php')
 3 SYSTEMPATH\View\View.php(229): CodeIgniter\View\View->CodeIgniter\View\{closure}()
 4 SYSTEMPATH\Common.php(1188): CodeIgniter\View\View->render('tool/delete', [], true)
 5 APPPATH\Controllers\Tool.php(110): view('tool/delete', [...])
 6 SYSTEMPATH\CodeIgniter.php(919): App\Controllers\Tool->delete('3')
 7 SYSTEMPATH\CodeIgniter.php(494): CodeIgniter\CodeIgniter->runController(Object(App\Controllers\Tool))
 8 SYSTEMPATH\CodeIgniter.php(353): CodeIgniter\CodeIgniter->handleRequest(null, Object(Config\Cache), false)
 9 FCPATH\index.php(79): CodeIgniter\CodeIgniter->run()
CRITICAL - 2023-09-29 06:01:11 --> Undefined variable: tool
in APPPATH\Views\tool\delete.php on line 35.
 1 APPPATH\Views\tool\delete.php(35): CodeIgniter\Debug\Exceptions->errorHandler(8, 'Undefined variable: tool', 'C:\\xampp\\htdocs\\ci4\\app\\Views\\tool\\delete.php', 35, [...])
 2 SYSTEMPATH\View\View.php(226): include('C:\\xampp\\htdocs\\ci4\\app\\Views\\tool\\delete.php')
 3 SYSTEMPATH\View\View.php(229): CodeIgniter\View\View->CodeIgniter\View\{closure}()
 4 SYSTEMPATH\Common.php(1188): CodeIgniter\View\View->render('tool/delete', [], true)
 5 APPPATH\Controllers\Tool.php(110): view('tool/delete', [...])
 6 SYSTEMPATH\CodeIgniter.php(919): App\Controllers\Tool->delete('3')
 7 SYSTEMPATH\CodeIgniter.php(494): CodeIgniter\CodeIgniter->runController(Object(App\Controllers\Tool))
 8 SYSTEMPATH\CodeIgniter.php(353): CodeIgniter\CodeIgniter->handleRequest(null, Object(Config\Cache), false)
 9 FCPATH\index.php(79): CodeIgniter\CodeIgniter->run()
CRITICAL - 2023-09-29 06:01:22 --> Undefined variable: tool
in APPPATH\Views\tool\delete.php on line 35.
 1 APPPATH\Views\tool\delete.php(35): CodeIgniter\Debug\Exceptions->errorHandler(8, 'Undefined variable: tool', 'C:\\xampp\\htdocs\\ci4\\app\\Views\\tool\\delete.php', 35, [...])
 2 SYSTEMPATH\View\View.php(226): include('C:\\xampp\\htdocs\\ci4\\app\\Views\\tool\\delete.php')
 3 SYSTEMPATH\View\View.php(229): CodeIgniter\View\View->CodeIgniter\View\{closure}()
 4 SYSTEMPATH\Common.php(1188): CodeIgniter\View\View->render('tool/delete', [], true)
 5 APPPATH\Controllers\Tool.php(110): view('tool/delete', [...])
 6 SYSTEMPATH\CodeIgniter.php(919): App\Controllers\Tool->delete('3')
 7 SYSTEMPATH\CodeIgniter.php(494): CodeIgniter\CodeIgniter->runController(Object(App\Controllers\Tool))
 8 SYSTEMPATH\CodeIgniter.php(353): CodeIgniter\CodeIgniter->handleRequest(null, Object(Config\Cache), false)
 9 FCPATH\index.php(79): CodeIgniter\CodeIgniter->run()
CRITICAL - 2023-09-29 06:02:35 --> Undefined variable: tool
in APPPATH\Views\tool\delete.php on line 35.
 1 APPPATH\Views\tool\delete.php(35): CodeIgniter\Debug\Exceptions->errorHandler(8, 'Undefined variable: tool', 'C:\\xampp\\htdocs\\ci4\\app\\Views\\tool\\delete.php', 35, [...])
 2 SYSTEMPATH\View\View.php(226): include('C:\\xampp\\htdocs\\ci4\\app\\Views\\tool\\delete.php')
 3 SYSTEMPATH\View\View.php(229): CodeIgniter\View\View->CodeIgniter\View\{closure}()
 4 SYSTEMPATH\Common.php(1188): CodeIgniter\View\View->render('tool/delete', [], true)
 5 APPPATH\Controllers\Tool.php(111): view('tool/delete', [...])
 6 SYSTEMPATH\CodeIgniter.php(919): App\Controllers\Tool->delete('3')
 7 SYSTEMPATH\CodeIgniter.php(494): CodeIgniter\CodeIgniter->runController(Object(App\Controllers\Tool))
 8 SYSTEMPATH\CodeIgniter.php(353): CodeIgniter\CodeIgniter->handleRequest(null, Object(Config\Cache), false)
 9 FCPATH\index.php(79): CodeIgniter\CodeIgniter->run()
CRITICAL - 2023-09-29 06:02:37 --> Undefined variable: tool
in APPPATH\Views\tool\delete.php on line 35.
 1 APPPATH\Views\tool\delete.php(35): CodeIgniter\Debug\Exceptions->errorHandler(8, 'Undefined variable: tool', 'C:\\xampp\\htdocs\\ci4\\app\\Views\\tool\\delete.php', 35, [...])
 2 SYSTEMPATH\View\View.php(226): include('C:\\xampp\\htdocs\\ci4\\app\\Views\\tool\\delete.php')
 3 SYSTEMPATH\View\View.php(229): CodeIgniter\View\View->CodeIgniter\View\{closure}()
 4 SYSTEMPATH\Common.php(1188): CodeIgniter\View\View->render('tool/delete', [], true)
 5 APPPATH\Controllers\Tool.php(111): view('tool/delete', [...])
 6 SYSTEMPATH\CodeIgniter.php(919): App\Controllers\Tool->delete('3')
 7 SYSTEMPATH\CodeIgniter.php(494): CodeIgniter\CodeIgniter->runController(Object(App\Controllers\Tool))
 8 SYSTEMPATH\CodeIgniter.php(353): CodeIgniter\CodeIgniter->handleRequest(null, Object(Config\Cache), false)
 9 FCPATH\index.php(79): CodeIgniter\CodeIgniter->run()
CRITICAL - 2023-09-29 06:02:37 --> Undefined variable: tool
in APPPATH\Views\tool\delete.php on line 35.
 1 APPPATH\Views\tool\delete.php(35): CodeIgniter\Debug\Exceptions->errorHandler(8, 'Undefined variable: tool', 'C:\\xampp\\htdocs\\ci4\\app\\Views\\tool\\delete.php', 35, [...])
 2 SYSTEMPATH\View\View.php(226): include('C:\\xampp\\htdocs\\ci4\\app\\Views\\tool\\delete.php')
 3 SYSTEMPATH\View\View.php(229): CodeIgniter\View\View->CodeIgniter\View\{closure}()
 4 SYSTEMPATH\Common.php(1188): CodeIgniter\View\View->render('tool/delete', [], true)
 5 APPPATH\Controllers\Tool.php(111): view('tool/delete', [...])
 6 SYSTEMPATH\CodeIgniter.php(919): App\Controllers\Tool->delete('3')
 7 SYSTEMPATH\CodeIgniter.php(494): CodeIgniter\CodeIgniter->runController(Object(App\Controllers\Tool))
 8 SYSTEMPATH\CodeIgniter.php(353): CodeIgniter\CodeIgniter->handleRequest(null, Object(Config\Cache), false)
 9 FCPATH\index.php(79): CodeIgniter\CodeIgniter->run()
CRITICAL - 2023-09-29 06:02:37 --> Undefined variable: tool
in APPPATH\Views\tool\delete.php on line 35.
 1 APPPATH\Views\tool\delete.php(35): CodeIgniter\Debug\Exceptions->errorHandler(8, 'Undefined variable: tool', 'C:\\xampp\\htdocs\\ci4\\app\\Views\\tool\\delete.php', 35, [...])
 2 SYSTEMPATH\View\View.php(226): include('C:\\xampp\\htdocs\\ci4\\app\\Views\\tool\\delete.php')
 3 SYSTEMPATH\View\View.php(229): CodeIgniter\View\View->CodeIgniter\View\{closure}()
 4 SYSTEMPATH\Common.php(1188): CodeIgniter\View\View->render('tool/delete', [], true)
 5 APPPATH\Controllers\Tool.php(111): view('tool/delete', [...])
 6 SYSTEMPATH\CodeIgniter.php(919): App\Controllers\Tool->delete('3')
 7 SYSTEMPATH\CodeIgniter.php(494): CodeIgniter\CodeIgniter->runController(Object(App\Controllers\Tool))
 8 SYSTEMPATH\CodeIgniter.php(353): CodeIgniter\CodeIgniter->handleRequest(null, Object(Config\Cache), false)
 9 FCPATH\index.php(79): CodeIgniter\CodeIgniter->run()
INFO - 2023-09-29 06:02:45 --> Session: Class initialized using 'CodeIgniter\Session\Handlers\FileHandler' driver.
INFO - 2023-09-29 06:02:45 --> Session: Class initialized using 'CodeIgniter\Session\Handlers\FileHandler' driver.
INFO - 2023-09-29 06:02:47 --> Session: Class initialized using 'CodeIgniter\Session\Handlers\FileHandler' driver.
INFO - 2023-09-29 06:02:47 --> Session: Class initialized using 'CodeIgniter\Session\Handlers\FileHandler' driver.
CRITICAL - 2023-09-29 06:02:48 --> Undefined variable: tool
in APPPATH\Views\tool\delete.php on line 35.
 1 APPPATH\Views\tool\delete.php(35): CodeIgniter\Debug\Exceptions->errorHandler(8, 'Undefined variable: tool', 'C:\\xampp\\htdocs\\ci4\\app\\Views\\tool\\delete.php', 35, [...])
 2 SYSTEMPATH\View\View.php(226): include('C:\\xampp\\htdocs\\ci4\\app\\Views\\tool\\delete.php')
 3 SYSTEMPATH\View\View.php(229): CodeIgniter\View\View->CodeIgniter\View\{closure}()
 4 SYSTEMPATH\Common.php(1188): CodeIgniter\View\View->render('tool/delete', [], true)
 5 APPPATH\Controllers\Tool.php(111): view('tool/delete', [...])
 6 SYSTEMPATH\CodeIgniter.php(919): App\Controllers\Tool->delete('2')
 7 SYSTEMPATH\CodeIgniter.php(494): CodeIgniter\CodeIgniter->runController(Object(App\Controllers\Tool))
 8 SYSTEMPATH\CodeIgniter.php(353): CodeIgniter\CodeIgniter->handleRequest(null, Object(Config\Cache), false)
 9 FCPATH\index.php(79): CodeIgniter\CodeIgniter->run()
CRITICAL - 2023-09-29 06:30:41 --> Too few arguments to function App\Controllers\Tool::delete(), 0 passed in C:\xampp\htdocs\ci4\system\CodeIgniter.php on line 919 and exactly 1 expected
in APPPATH\Controllers\Tool.php on line 107.
 1 SYSTEMPATH\CodeIgniter.php(919): App\Controllers\Tool->delete()
 2 SYSTEMPATH\CodeIgniter.php(494): CodeIgniter\CodeIgniter->runController(Object(App\Controllers\Tool))
 3 SYSTEMPATH\CodeIgniter.php(353): CodeIgniter\CodeIgniter->handleRequest(null, Object(Config\Cache), false)
 4 FCPATH\index.php(79): CodeIgniter\CodeIgniter->run()
CRITICAL - 2023-09-29 06:31:00 --> Undefined variable: tool
in APPPATH\Views\tool\delete.php on line 35.
 1 APPPATH\Views\tool\delete.php(35): CodeIgniter\Debug\Exceptions->errorHandler(8, 'Undefined variable: tool', 'C:\\xampp\\htdocs\\ci4\\app\\Views\\tool\\delete.php', 35, [...])
 2 SYSTEMPATH\View\View.php(226): include('C:\\xampp\\htdocs\\ci4\\app\\Views\\tool\\delete.php')
 3 SYSTEMPATH\View\View.php(229): CodeIgniter\View\View->CodeIgniter\View\{closure}()
 4 SYSTEMPATH\Common.php(1188): CodeIgniter\View\View->render('tool/delete', [], true)
 5 APPPATH\Controllers\Tool.php(111): view('tool/delete', [...])
 6 SYSTEMPATH\CodeIgniter.php(919): App\Controllers\Tool->delete('2')
 7 SYSTEMPATH\CodeIgniter.php(494): CodeIgniter\CodeIgniter->runController(Object(App\Controllers\Tool))
 8 SYSTEMPATH\CodeIgniter.php(353): CodeIgniter\CodeIgniter->handleRequest(null, Object(Config\Cache), false)
 9 FCPATH\index.php(79): CodeIgniter\CodeIgniter->run()
CRITICAL - 2023-09-29 06:31:08 --> Undefined variable: tool
in APPPATH\Views\tool\delete.php on line 35.
 1 APPPATH\Views\tool\delete.php(35): CodeIgniter\Debug\Exceptions->errorHandler(8, 'Undefined variable: tool', 'C:\\xampp\\htdocs\\ci4\\app\\Views\\tool\\delete.php', 35, [...])
 2 SYSTEMPATH\View\View.php(226): include('C:\\xampp\\htdocs\\ci4\\app\\Views\\tool\\delete.php')
 3 SYSTEMPATH\View\View.php(229): CodeIgniter\View\View->CodeIgniter\View\{closure}()
 4 SYSTEMPATH\Common.php(1188): CodeIgniter\View\View->render('tool/delete', [], true)
 5 APPPATH\Controllers\Tool.php(111): view('tool/delete', [...])
 6 SYSTEMPATH\CodeIgniter.php(919): App\Controllers\Tool->delete('2')
 7 SYSTEMPATH\CodeIgniter.php(494): CodeIgniter\CodeIgniter->runController(Object(App\Controllers\Tool))
 8 SYSTEMPATH\CodeIgniter.php(353): CodeIgniter\CodeIgniter->handleRequest(null, Object(Config\Cache), false)
 9 FCPATH\index.php(79): CodeIgniter\CodeIgniter->run()
CRITICAL - 2023-09-29 06:32:08 --> Undefined variable: tool
in APPPATH\Views\tool\delete.php on line 33.
 1 APPPATH\Views\tool\delete.php(33): CodeIgniter\Debug\Exceptions->errorHandler(8, 'Undefined variable: tool', 'C:\\xampp\\htdocs\\ci4\\app\\Views\\tool\\delete.php', 33, [...])
 2 SYSTEMPATH\View\View.php(226): include('C:\\xampp\\htdocs\\ci4\\app\\Views\\tool\\delete.php')
 3 SYSTEMPATH\View\View.php(229): CodeIgniter\View\View->CodeIgniter\View\{closure}()
 4 SYSTEMPATH\Common.php(1188): CodeIgniter\View\View->render('tool/delete', [], true)
 5 APPPATH\Controllers\Tool.php(111): view('tool/delete', [...])
 6 SYSTEMPATH\CodeIgniter.php(919): App\Controllers\Tool->delete('2')
 7 SYSTEMPATH\CodeIgniter.php(494): CodeIgniter\CodeIgniter->runController(Object(App\Controllers\Tool))
 8 SYSTEMPATH\CodeIgniter.php(353): CodeIgniter\CodeIgniter->handleRequest(null, Object(Config\Cache), false)
 9 FCPATH\index.php(79): CodeIgniter\CodeIgniter->run()
CRITICAL - 2023-09-29 06:32:48 --> Undefined variable: tool
in APPPATH\Views\tool\delete.php on line 33.
 1 APPPATH\Views\tool\delete.php(33): CodeIgniter\Debug\Exceptions->errorHandler(8, 'Undefined variable: tool', 'C:\\xampp\\htdocs\\ci4\\app\\Views\\tool\\delete.php', 33, [...])
 2 SYSTEMPATH\View\View.php(226): include('C:\\xampp\\htdocs\\ci4\\app\\Views\\tool\\delete.php')
 3 SYSTEMPATH\View\View.php(229): CodeIgniter\View\View->CodeIgniter\View\{closure}()
 4 SYSTEMPATH\Common.php(1188): CodeIgniter\View\View->render('tool/delete', [], true)
 5 APPPATH\Controllers\Tool.php(111): view('tool/delete', [...])
 6 SYSTEMPATH\CodeIgniter.php(919): App\Controllers\Tool->delete('2')
 7 SYSTEMPATH\CodeIgniter.php(494): CodeIgniter\CodeIgniter->runController(Object(App\Controllers\Tool))
 8 SYSTEMPATH\CodeIgniter.php(353): CodeIgniter\CodeIgniter->handleRequest(null, Object(Config\Cache), false)
 9 FCPATH\index.php(79): CodeIgniter\CodeIgniter->run()
CRITICAL - 2023-09-29 06:32:51 --> Undefined variable: tool
in APPPATH\Views\tool\delete.php on line 33.
 1 APPPATH\Views\tool\delete.php(33): CodeIgniter\Debug\Exceptions->errorHandler(8, 'Undefined variable: tool', 'C:\\xampp\\htdocs\\ci4\\app\\Views\\tool\\delete.php', 33, [...])
 2 SYSTEMPATH\View\View.php(226): include('C:\\xampp\\htdocs\\ci4\\app\\Views\\tool\\delete.php')
 3 SYSTEMPATH\View\View.php(229): CodeIgniter\View\View->CodeIgniter\View\{closure}()
 4 SYSTEMPATH\Common.php(1188): CodeIgniter\View\View->render('tool/delete', [], true)
 5 APPPATH\Controllers\Tool.php(111): view('tool/delete', [...])
 6 SYSTEMPATH\CodeIgniter.php(919): App\Controllers\Tool->delete('2')
 7 SYSTEMPATH\CodeIgniter.php(494): CodeIgniter\CodeIgniter->runController(Object(App\Controllers\Tool))
 8 SYSTEMPATH\CodeIgniter.php(353): CodeIgniter\CodeIgniter->handleRequest(null, Object(Config\Cache), false)
 9 FCPATH\index.php(79): CodeIgniter\CodeIgniter->run()
CRITICAL - 2023-09-29 06:33:21 --> Undefined variable: tool
in APPPATH\Views\tool\delete.php on line 48.
 1 APPPATH\Views\tool\delete.php(48): CodeIgniter\Debug\Exceptions->errorHandler(8, 'Undefined variable: tool', 'C:\\xampp\\htdocs\\ci4\\app\\Views\\tool\\delete.php', 48, [...])
 2 SYSTEMPATH\View\View.php(226): include('C:\\xampp\\htdocs\\ci4\\app\\Views\\tool\\delete.php')
 3 SYSTEMPATH\View\View.php(229): CodeIgniter\View\View->CodeIgniter\View\{closure}()
 4 SYSTEMPATH\Common.php(1188): CodeIgniter\View\View->render('tool/delete', [], true)
 5 APPPATH\Controllers\Tool.php(111): view('tool/delete', [...])
 6 SYSTEMPATH\CodeIgniter.php(919): App\Controllers\Tool->delete('2')
 7 SYSTEMPATH\CodeIgniter.php(494): CodeIgniter\CodeIgniter->runController(Object(App\Controllers\Tool))
 8 SYSTEMPATH\CodeIgniter.php(353): CodeIgniter\CodeIgniter->handleRequest(null, Object(Config\Cache), false)
 9 FCPATH\index.php(79): CodeIgniter\CodeIgniter->run()
CRITICAL - 2023-09-29 06:41:01 --> Trying to get property 'id' of non-object
in APPPATH\Views\tool\delete.php on line 33.
 1 APPPATH\Views\tool\delete.php(33): CodeIgniter\Debug\Exceptions->errorHandler(8, 'Trying to get property \'id\' of non-object', 'C:\\xampp\\htdocs\\ci4\\app\\Views\\tool\\delete.php', 33, [...])
 2 SYSTEMPATH\View\View.php(226): include('C:\\xampp\\htdocs\\ci4\\app\\Views\\tool\\delete.php')
 3 SYSTEMPATH\View\View.php(229): CodeIgniter\View\View->CodeIgniter\View\{closure}()
 4 SYSTEMPATH\Common.php(1188): CodeIgniter\View\View->render('tool/delete', [], true)
 5 APPPATH\Controllers\Tool.php(111): view('tool/delete', [...])
 6 SYSTEMPATH\CodeIgniter.php(919): App\Controllers\Tool->delete('2')
 7 SYSTEMPATH\CodeIgniter.php(494): CodeIgniter\CodeIgniter->runController(Object(App\Controllers\Tool))
 8 SYSTEMPATH\CodeIgniter.php(353): CodeIgniter\CodeIgniter->handleRequest(null, Object(Config\Cache), false)
 9 FCPATH\index.php(79): CodeIgniter\CodeIgniter->run()
CRITICAL - 2023-09-29 06:43:15 --> A non-numeric value encountered
in APPPATH\Controllers\Tool.php on line 92.
 1 APPPATH\Controllers\Tool.php(92): CodeIgniter\Debug\Exceptions->errorHandler(2, 'A non-numeric value encountered', 'C:\\xampp\\htdocs\\ci4\\app\\Controllers\\Tool.php', 92, [...])
 2 SYSTEMPATH\CodeIgniter.php(919): App\Controllers\Tool->edit('3')
 3 SYSTEMPATH\CodeIgniter.php(494): CodeIgniter\CodeIgniter->runController(Object(App\Controllers\Tool))
 4 SYSTEMPATH\CodeIgniter.php(353): CodeIgniter\CodeIgniter->handleRequest(null, Object(Config\Cache), false)
 5 FCPATH\index.php(79): CodeIgniter\CodeIgniter->run()
